Using pre-set license
Built from '2020.2/release' branch; Version is '2020.2.1f1 (270dd8c3da1c) revision 2559448'; Using compiler version '192528614'; Build Type 'Release'
OS: 'Windows 10  (10.0.0) 64bit' Language: 'en' Physical Memory: 16328 MB
BatchMode: 1, IsHumanControllingUs: 0, StartBugReporterOnCrash: 0, Is64bit: 1, IsPro: 0

 COMMAND LINE ARGUMENTS:
F:\Unity_Installs\2020.2.1f1\Editor\Unity.exe
-adb2
-batchMode
-noUpm
-name
AssetImportWorker0
-projectPath
D:/Unity Projects/DonkeyKong_Remake/Game_For_Into_To_Dev_Proto/Game_Into_One
-logFile
Logs/AssetImportWorker0.log
-srvPort
55009
Successfully changed project path to: D:/Unity Projects/DonkeyKong_Remake/Game_For_Into_To_Dev_Proto/Game_Into_One
D:/Unity Projects/DonkeyKong_Remake/Game_For_Into_To_Dev_Proto/Game_Into_One
Using Asset Import Pipeline V2.
Refreshing native plugins compatible for Editor in 57.52 ms, found 0 plugins.
Preloading 0 native plugins for Editor in 0.00 ms.
Initialize engine version: 2020.2.1f1 (270dd8c3da1c)
[Subsystems] Discovering subsystems at path F:/Unity_Installs/2020.2.1f1/Editor/Data/Resources/UnitySubsystems
[Subsystems] Discovering subsystems at path D:/Unity Projects/DonkeyKong_Remake/Game_For_Into_To_Dev_Proto/Game_Into_One/Assets
GfxDevice: creating device client; threaded=0
Direct3D:
    Version:  Direct3D 11.0 [level 11.0]
    Renderer: NVIDIA GeForce GTX 750 Ti (ID=0x1380)
    Vendor:   
    VRAM:     2007 MB
    Driver:   27.21.14.5751
Initialize mono
Mono path[0] = 'F:/Unity_Installs/2020.2.1f1/Editor/Data/Managed'
Mono path[1] = 'F:/Unity_Installs/2020.2.1f1/Editor/Data/MonoBleedingEdge/lib/mono/unityjit'
Mono config path = 'F:/Unity_Installs/2020.2.1f1/Editor/Data/MonoBleedingEdge/etc'
Using monoOptions --debugger-agent=transport=dt_socket,embedding=1,server=y,suspend=n,address=127.0.0.1:56628
Begin MonoManager ReloadAssembly
Registering precompiled unity dll's ...
Register platform support module: F:/Unity_Installs/2020.2.1f1/Editor/Data/PlaybackEngines/WebGLSupport/UnityEditor.WebGL.Extensions.dll
Register platform support module: F:/Unity_Installs/2020.2.1f1/Editor/Data/PlaybackEngines/MacStandaloneSupport/UnityEditor.OSXStandalone.Extensions.dll
Register platform support module: F:/Unity_Installs/2020.2.1f1/Editor/Data/PlaybackEngines/WindowsStandaloneSupport/UnityEditor.WindowsStandalone.Extensions.dll
Register platform support module: F:/Unity_Installs/2020.2.1f1/Editor/Data/PlaybackEngines/LinuxStandaloneSupport/UnityEditor.LinuxStandalone.Extensions.dll
Registered in 0.004617 seconds.
Native extension for LinuxStandalone target not found
Native extension for WindowsStandalone target not found
Native extension for OSXStandalone target not found
Native extension for WebGL target not found
Refreshing native plugins compatible for Editor in 55.49 ms, found 0 plugins.
Preloading 0 native plugins for Editor in 0.00 ms.
Invoked RoslynAnalysisRunner static constructor.
RoslynAnalysisRunner will not be running.
RoslynAnalysisRunner has terminated.
Mono: successfully reloaded assembly
- Completed reload, in  2.861 seconds
Platform modules already initialized, skipping
Registering precompiled user dll's ...
Registered in 0.001048 seconds.
Begin MonoManager ReloadAssembly
Native extension for LinuxStandalone target not found
Native extension for WindowsStandalone target not found
Native extension for OSXStandalone target not found
Native extension for WebGL target not found
Refreshing native plugins compatible for Editor in 0.40 ms, found 0 plugins.
Preloading 0 native plugins for Editor in 0.00 ms.
Invoked RoslynAnalysisRunner static constructor.
RoslynAnalysisRunner will not be running.
RoslynAnalysisRunner has terminated.
Mono: successfully reloaded assembly
- Completed reload, in  1.697 seconds
Platform modules already initialized, skipping
========================================================================
Worker process is ready to serve import requests
Launched and connected shader compiler UnityShaderCompiler.exe after 0.09 seconds
Refreshing native plugins compatible for Editor in 0.47 ms, found 0 plugins.
Preloading 0 native plugins for Editor in 0.00 ms.
Unloading 1154 Unused Serialized files (Serialized files now loaded: 0)
System memory in use before: 129.5 MB.
System memory in use after: 129.6 MB.

Unloading 13 unused Assets to reduce memory usage. Loaded Objects now: 1602.
Total: 3.137000 ms (FindLiveObjects: 0.277500 ms CreateObjectMapping: 0.072300 ms MarkObjects: 2.697400 ms  DeleteObjects: 0.087700 ms)

========================================================================
Received Import Request.
  path: Assets/Universal Sound FX/8BIT/Jumping/8BIT_RETRO_Jump_Bounce_Glide_Up_mono.wav
  artifactKey: Guid(c91e52590bd17f34fb64e8ffaf9834bd) Importer(815301076,1909f56bfc062723c751e8b465ee728b)
Start importing Assets/Universal Sound FX/8BIT/Jumping/8BIT_RETRO_Jump_Bounce_Glide_Up_mono.wav using Guid(c91e52590bd17f34fb64e8ffaf9834bd) Importer(815301076,1909f56bfc062723c751e8b465ee728b)  -> (artifact id: '3a5c0330fb94f7e680a9261afcd89dea') in 0.221457 seconds
  Import took 0.225260 seconds .

========================================================================
Received Import Request.
  Time since last request: 0.000295 seconds.
  path: Assets/Universal Sound FX/8BIT/Jumping/8BIT_RETRO_Jump_Dirty_mono.wav
  artifactKey: Guid(4d46e4c8069387146bda1da88896c04a) Importer(815301076,1909f56bfc062723c751e8b465ee728b)
Start importing Assets/Universal Sound FX/8BIT/Jumping/8BIT_RETRO_Jump_Dirty_mono.wav using Guid(4d46e4c8069387146bda1da88896c04a) Importer(815301076,1909f56bfc062723c751e8b465ee728b)  -> (artifact id: '4dc00fb2b9eacc67110b6516fcb7c41f') in 0.032718 seconds
  Import took 0.041031 seconds .

========================================================================
Received Import Request.
  Time since last request: 13.505211 seconds.
  path: Assets/Universal Sound FX/8BIT/Jumping/8BIT_RETRO_Jump_Glide_Up_Bright_Higher_mono.wav
  artifactKey: Guid(d3e10c7fb82fbc54ab5e216f49746eae) Importer(815301076,1909f56bfc062723c751e8b465ee728b)
Start importing Assets/Universal Sound FX/8BIT/Jumping/8BIT_RETRO_Jump_Glide_Up_Bright_Higher_mono.wav using Guid(d3e10c7fb82fbc54ab5e216f49746eae) Importer(815301076,1909f56bfc062723c751e8b465ee728b)  -> (artifact id: '8bc9c5cae6b0dc6dbc37e13b8a0e4785') in 0.015586 seconds
  Import took 0.019703 seconds .

========================================================================
Received Import Request.
  Time since last request: 0.003099 seconds.
  path: Assets/Universal Sound FX/8BIT/Jumping/8BIT_RETRO_Jump_Glide_Up_Bright_Higher_mono.wav
  artifactKey: Guid(d3e10c7fb82fbc54ab5e216f49746eae) Importer(815301076,1909f56bfc062723c751e8b465ee728b)
Start importing Assets/Universal Sound FX/8BIT/Jumping/8BIT_RETRO_Jump_Glide_Up_Bright_Higher_mono.wav using Guid(d3e10c7fb82fbc54ab5e216f49746eae) Importer(815301076,1909f56bfc062723c751e8b465ee728b)  -> (artifact id: '8bc9c5cae6b0dc6dbc37e13b8a0e4785') in 0.016572 seconds
  Import took 0.023445 seconds .

========================================================================
Received Import Request.
  Time since last request: 7.009433 seconds.
  path: Assets/Universal Sound FX/8BIT/Jumping
  artifactKey: Guid(1ebf235413b3c3d4cb9c6193eea8c573) Importer(815301076,1909f56bfc062723c751e8b465ee728b)
Start importing Assets/Universal Sound FX/8BIT/Jumping using Guid(1ebf235413b3c3d4cb9c6193eea8c573) Importer(815301076,1909f56bfc062723c751e8b465ee728b)  -> (artifact id: '555d4d2815b3a481ce494d270e0a0396') in 0.004480 seconds
  Import took 0.009221 seconds .

========================================================================
Received Import Request.
  Time since last request: 0.695433 seconds.
  path: Assets/Universal Sound FX/8BIT
  artifactKey: Guid(30948766991c0394c94bd77a9f055556) Importer(815301076,1909f56bfc062723c751e8b465ee728b)
Start importing Assets/Universal Sound FX/8BIT using Guid(30948766991c0394c94bd77a9f055556) Importer(815301076,1909f56bfc062723c751e8b465ee728b)  -> (artifact id: '1062da92eb18aac4fa267acf0ad94dc4') in 0.003623 seconds
  Import took 0.006939 seconds .

========================================================================
Received Prepare
Registering precompiled user dll's ...
Registered in 0.001021 seconds.
Begin MonoManager ReloadAssembly
Native extension for LinuxStandalone target not found
Native extension for WindowsStandalone target not found
Native extension for OSXStandalone target not found
Native extension for WebGL target not found
Refreshing native plugins compatible for Editor in 0.45 ms, found 0 plugins.
Preloading 0 native plugins for Editor in 0.00 ms.
Invoked RoslynAnalysisRunner static constructor.
RoslynAnalysisRunner will not be running.
RoslynAnalysisRunner has terminated.
Mono: successfully reloaded assembly
- Completed reload, in  3.253 seconds
Platform modules already initialized, skipping
Refreshing native plugins compatible for Editor in 0.64 ms, found 0 plugins.
Preloading 0 native plugins for Editor in 0.00 ms.
Unloading 1149 Unused Serialized files (Serialized files now loaded: 0)
System memory in use before: 132.7 MB.
System memory in use after: 132.8 MB.

Unloading 4 unused Assets to reduce memory usage. Loaded Objects now: 1613.
Total: 4.739800 ms (FindLiveObjects: 0.804700 ms CreateObjectMapping: 0.101800 ms MarkObjects: 3.697900 ms  DeleteObjects: 0.133400 ms)

========================================================================
Received Prepare
Registering precompiled user dll's ...
Registered in 0.001132 seconds.
Begin MonoManager ReloadAssembly
Native extension for LinuxStandalone target not found
Native extension for WindowsStandalone target not found
Native extension for OSXStandalone target not found
Native extension for WebGL target not found
Refreshing native plugins compatible for Editor in 0.44 ms, found 0 plugins.
Preloading 0 native plugins for Editor in 0.00 ms.
Invoked RoslynAnalysisRunner static constructor.
RoslynAnalysisRunner will not be running.
RoslynAnalysisRunner has terminated.
Mono: successfully reloaded assembly
- Completed reload, in  1.542 seconds
Platform modules already initialized, skipping
Refreshing native plugins compatible for Editor in 0.43 ms, found 0 plugins.
Preloading 0 native plugins for Editor in 0.00 ms.
Unloading 1149 Unused Serialized files (Serialized files now loaded: 0)
System memory in use before: 132.9 MB.
System memory in use after: 133.0 MB.

Unloading 4 unused Assets to reduce memory usage. Loaded Objects now: 1615.
Total: 2.877500 ms (FindLiveObjects: 0.472600 ms CreateObjectMapping: 0.222800 ms MarkObjects: 2.152900 ms  DeleteObjects: 0.026300 ms)

AssetImportWorkerClient::OnTransportError - code=2 error=End of file
