Using pre-set license
Built from '2020.2/release' branch; Version is '2020.2.1f1 (270dd8c3da1c) revision 2559448'; Using compiler version '192528614'; Build Type 'Release'
OS: 'Windows 10  (10.0.0) 64bit' Language: 'en' Physical Memory: 16328 MB
BatchMode: 1, IsHumanControllingUs: 0, StartBugReporterOnCrash: 0, Is64bit: 1, IsPro: 0

 COMMAND LINE ARGUMENTS:
F:\Unity_Installs\2020.2.1f1\Editor\Unity.exe
-adb2
-batchMode
-noUpm
-name
AssetImportWorker0
-projectPath
D:/Unity Projects/DonkeyKong_Remake/Game_For_Into_To_Dev_Proto/Game_Into_One
-logFile
Logs/AssetImportWorker0.log
-srvPort
58350
Successfully changed project path to: D:/Unity Projects/DonkeyKong_Remake/Game_For_Into_To_Dev_Proto/Game_Into_One
D:/Unity Projects/DonkeyKong_Remake/Game_For_Into_To_Dev_Proto/Game_Into_One
Using Asset Import Pipeline V2.
Refreshing native plugins compatible for Editor in 64.82 ms, found 0 plugins.
Preloading 0 native plugins for Editor in 0.00 ms.
Initialize engine version: 2020.2.1f1 (270dd8c3da1c)
[Subsystems] Discovering subsystems at path F:/Unity_Installs/2020.2.1f1/Editor/Data/Resources/UnitySubsystems
[Subsystems] Discovering subsystems at path D:/Unity Projects/DonkeyKong_Remake/Game_For_Into_To_Dev_Proto/Game_Into_One/Assets
GfxDevice: creating device client; threaded=0
Direct3D:
    Version:  Direct3D 11.0 [level 11.0]
    Renderer: NVIDIA GeForce GTX 750 Ti (ID=0x1380)
    Vendor:   
    VRAM:     2007 MB
    Driver:   27.21.14.5751
Initialize mono
Mono path[0] = 'F:/Unity_Installs/2020.2.1f1/Editor/Data/Managed'
Mono path[1] = 'F:/Unity_Installs/2020.2.1f1/Editor/Data/MonoBleedingEdge/lib/mono/unityjit'
Mono config path = 'F:/Unity_Installs/2020.2.1f1/Editor/Data/MonoBleedingEdge/etc'
Using monoOptions --debugger-agent=transport=dt_socket,embedding=1,server=y,suspend=n,address=127.0.0.1:56984
Begin MonoManager ReloadAssembly
Registering precompiled unity dll's ...
Register platform support module: F:/Unity_Installs/2020.2.1f1/Editor/Data/PlaybackEngines/WebGLSupport/UnityEditor.WebGL.Extensions.dll
Register platform support module: F:/Unity_Installs/2020.2.1f1/Editor/Data/PlaybackEngines/MacStandaloneSupport/UnityEditor.OSXStandalone.Extensions.dll
Register platform support module: F:/Unity_Installs/2020.2.1f1/Editor/Data/PlaybackEngines/WindowsStandaloneSupport/UnityEditor.WindowsStandalone.Extensions.dll
Register platform support module: F:/Unity_Installs/2020.2.1f1/Editor/Data/PlaybackEngines/LinuxStandaloneSupport/UnityEditor.LinuxStandalone.Extensions.dll
Registered in 0.002072 seconds.
Native extension for LinuxStandalone target not found
Native extension for WindowsStandalone target not found
Native extension for OSXStandalone target not found
Native extension for WebGL target not found
Refreshing native plugins compatible for Editor in 52.39 ms, found 0 plugins.
Preloading 0 native plugins for Editor in 0.00 ms.
Invoked RoslynAnalysisRunner static constructor.
RoslynAnalysisRunner will not be running.
RoslynAnalysisRunner has terminated.
Mono: successfully reloaded assembly
- Completed reload, in  3.089 seconds
Platform modules already initialized, skipping
Registering precompiled user dll's ...
Registered in 0.000892 seconds.
Begin MonoManager ReloadAssembly
Native extension for LinuxStandalone target not found
Native extension for WindowsStandalone target not found
Native extension for OSXStandalone target not found
Native extension for WebGL target not found
Refreshing native plugins compatible for Editor in 1.14 ms, found 0 plugins.
Preloading 0 native plugins for Editor in 0.00 ms.
Invoked RoslynAnalysisRunner static constructor.
RoslynAnalysisRunner will not be running.
RoslynAnalysisRunner has terminated.
Mono: successfully reloaded assembly
- Completed reload, in  1.876 seconds
Platform modules already initialized, skipping
========================================================================
Worker process is ready to serve import requests
Launched and connected shader compiler UnityShaderCompiler.exe after 0.10 seconds
Refreshing native plugins compatible for Editor in 0.63 ms, found 0 plugins.
Preloading 0 native plugins for Editor in 0.00 ms.
Unloading 1154 Unused Serialized files (Serialized files now loaded: 0)
System memory in use before: 129.5 MB.
System memory in use after: 129.6 MB.

Unloading 13 unused Assets to reduce memory usage. Loaded Objects now: 1602.
Total: 5.077000 ms (FindLiveObjects: 0.269600 ms CreateObjectMapping: 0.062900 ms MarkObjects: 4.640100 ms  DeleteObjects: 0.101900 ms)

========================================================================
Received Import Request.
  path: Assets/Universal Sound FX/8BIT/Hits_Bumps/8BIT_RETRO_Hit_Bump_Bright_Reverse_mono.wav
  artifactKey: Guid(aebefc666a642f142a7d9e407d4209bb) Importer(815301076,1909f56bfc062723c751e8b465ee728b)
Start importing Assets/Universal Sound FX/8BIT/Hits_Bumps/8BIT_RETRO_Hit_Bump_Bright_Reverse_mono.wav using Guid(aebefc666a642f142a7d9e407d4209bb) Importer(815301076,1909f56bfc062723c751e8b465ee728b)  -> (artifact id: 'ae34225a022edb7813b81474a60d4365') in 0.166795 seconds
  Import took 0.172845 seconds .

========================================================================
Received Import Request.
  Time since last request: 0.000397 seconds.
  path: Assets/Universal Sound FX/8BIT/Hits_Bumps/8BIT_RETRO_Hit_Bump_Dirty_Thud_mono.wav
  artifactKey: Guid(ae307aabacc0d8e4997fd686496a233f) Importer(815301076,1909f56bfc062723c751e8b465ee728b)
Start importing Assets/Universal Sound FX/8BIT/Hits_Bumps/8BIT_RETRO_Hit_Bump_Dirty_Thud_mono.wav using Guid(ae307aabacc0d8e4997fd686496a233f) Importer(815301076,1909f56bfc062723c751e8b465ee728b)  -> (artifact id: '84f000fab6dcc4a486ea44981fac2d33') in 0.022233 seconds
  Import took 0.025823 seconds .

========================================================================
Received Import Request.
  Time since last request: 0.000372 seconds.
  path: Assets/Universal Sound FX/8BIT/Hits_Bumps/8BIT_RETRO_Hit_Bump_Deep_Zap_mono.wav
  artifactKey: Guid(606345ee512222e4b8192cad3a59d2e7) Importer(815301076,1909f56bfc062723c751e8b465ee728b)
Start importing Assets/Universal Sound FX/8BIT/Hits_Bumps/8BIT_RETRO_Hit_Bump_Deep_Zap_mono.wav using Guid(606345ee512222e4b8192cad3a59d2e7) Importer(815301076,1909f56bfc062723c751e8b465ee728b)  -> (artifact id: '7f53f9b765a428105a2b3b90d9ff3a19') in 0.022559 seconds
  Import took 0.025929 seconds .

========================================================================
Received Import Request.
  Time since last request: 12.632849 seconds.
  path: Assets/Universal Sound FX/8BIT/Hits_Bumps/8BIT_RETRO_Hit_Bump_Distorted_Tap_Bright_mono.wav
  artifactKey: Guid(64bc51e03440f0949a096f671f645b3a) Importer(815301076,1909f56bfc062723c751e8b465ee728b)
Start importing Assets/Universal Sound FX/8BIT/Hits_Bumps/8BIT_RETRO_Hit_Bump_Distorted_Tap_Bright_mono.wav using Guid(64bc51e03440f0949a096f671f645b3a) Importer(815301076,1909f56bfc062723c751e8b465ee728b)  -> (artifact id: '53c9e27fb132d68ce02690e9496fe7c5') in 0.040431 seconds
  Import took 0.046567 seconds .

========================================================================
Received Import Request.
  Time since last request: 2.060194 seconds.
  path: Assets/Universal Sound FX/8BIT/Hits_Bumps/8BIT_RETRO_Hit_Bump_Distorted_Tap_mono.wav
  artifactKey: Guid(945600c8d0427ef4db93de1af1edd349) Importer(815301076,1909f56bfc062723c751e8b465ee728b)
Start importing Assets/Universal Sound FX/8BIT/Hits_Bumps/8BIT_RETRO_Hit_Bump_Distorted_Tap_mono.wav using Guid(945600c8d0427ef4db93de1af1edd349) Importer(815301076,1909f56bfc062723c751e8b465ee728b)  -> (artifact id: 'a35b0c52300678892c130645f7ee151c') in 0.022448 seconds
  Import took 0.025607 seconds .

========================================================================
Received Import Request.
  Time since last request: 0.001190 seconds.
  path: Assets/Universal Sound FX/8BIT/Hits_Bumps/8BIT_RETRO_Hit_Bump_Distorted_Tap_mono.wav
  artifactKey: Guid(945600c8d0427ef4db93de1af1edd349) Importer(815301076,1909f56bfc062723c751e8b465ee728b)
Start importing Assets/Universal Sound FX/8BIT/Hits_Bumps/8BIT_RETRO_Hit_Bump_Distorted_Tap_mono.wav using Guid(945600c8d0427ef4db93de1af1edd349) Importer(815301076,1909f56bfc062723c751e8b465ee728b)  -> (artifact id: 'a35b0c52300678892c130645f7ee151c') in 0.016470 seconds
  Import took 0.020376 seconds .

========================================================================
Received Import Request.
  Time since last request: 3.277011 seconds.
  path: Assets/Universal Sound FX/8BIT/Hits_Bumps/8BIT_RETRO_Hit_Bump_Zap_mono.wav
  artifactKey: Guid(1fc509f4e585697498e42969b6f3ab1d) Importer(815301076,1909f56bfc062723c751e8b465ee728b)
Start importing Assets/Universal Sound FX/8BIT/Hits_Bumps/8BIT_RETRO_Hit_Bump_Zap_mono.wav using Guid(1fc509f4e585697498e42969b6f3ab1d) Importer(815301076,1909f56bfc062723c751e8b465ee728b)  -> (artifact id: '90c7dbc3c00e5864f78e194609efef40') in 0.048930 seconds
  Import took 0.052408 seconds .

========================================================================
Received Import Request.
  Time since last request: 1.803447 seconds.
  path: Assets/Universal Sound FX/8BIT/Hits_Bumps/8BIT_RETRO_Hit_Bump_Thump_mono.wav
  artifactKey: Guid(a79e2d36fb743dc4b98264558a811c81) Importer(815301076,1909f56bfc062723c751e8b465ee728b)
Start importing Assets/Universal Sound FX/8BIT/Hits_Bumps/8BIT_RETRO_Hit_Bump_Thump_mono.wav using Guid(a79e2d36fb743dc4b98264558a811c81) Importer(815301076,1909f56bfc062723c751e8b465ee728b)  -> (artifact id: 'd1b5fc4577c1488013efa43ddbad436e') in 0.048627 seconds
  Import took 0.052695 seconds .

========================================================================
Received Import Request.
  Time since last request: 2.619583 seconds.
  path: Assets/Universal Sound FX/8BIT/Hits_Bumps/8BIT_RETRO_Hit_Bump_Quick_Distorted_mono.wav
  artifactKey: Guid(1bb20ae5097df4c49ba5e7c5f4ea247f) Importer(815301076,1909f56bfc062723c751e8b465ee728b)
Start importing Assets/Universal Sound FX/8BIT/Hits_Bumps/8BIT_RETRO_Hit_Bump_Quick_Distorted_mono.wav using Guid(1bb20ae5097df4c49ba5e7c5f4ea247f) Importer(815301076,1909f56bfc062723c751e8b465ee728b)  -> (artifact id: '4cab8b73751243da4e6e79db7b58ba35') in 0.037005 seconds
  Import took 0.042021 seconds .

========================================================================
Received Import Request.
  Time since last request: 2.286500 seconds.
  path: Assets/Universal Sound FX/8BIT/Hits_Bumps/8BIT_RETRO_Hit_Bump_Thud_mono.wav
  artifactKey: Guid(eb154e6a68fec964fba3162e1fd8b7ac) Importer(815301076,1909f56bfc062723c751e8b465ee728b)
Start importing Assets/Universal Sound FX/8BIT/Hits_Bumps/8BIT_RETRO_Hit_Bump_Thud_mono.wav using Guid(eb154e6a68fec964fba3162e1fd8b7ac) Importer(815301076,1909f56bfc062723c751e8b465ee728b)  -> (artifact id: 'ca862890ccd3db9e381a2d29b550aee2') in 0.025722 seconds
  Import took 0.029271 seconds .

========================================================================
Received Prepare
Registering precompiled user dll's ...
Registered in 0.000900 seconds.
Begin MonoManager ReloadAssembly
Native extension for LinuxStandalone target not found
Native extension for WindowsStandalone target not found
Native extension for OSXStandalone target not found
Native extension for WebGL target not found
Refreshing native plugins compatible for Editor in 0.42 ms, found 0 plugins.
Preloading 0 native plugins for Editor in 0.00 ms.
Invoked RoslynAnalysisRunner static constructor.
RoslynAnalysisRunner will not be running.
RoslynAnalysisRunner has terminated.
Mono: successfully reloaded assembly
- Completed reload, in  1.688 seconds
Platform modules already initialized, skipping
Refreshing native plugins compatible for Editor in 0.41 ms, found 0 plugins.
Preloading 0 native plugins for Editor in 0.00 ms.
Unloading 1149 Unused Serialized files (Serialized files now loaded: 0)
System memory in use before: 132.8 MB.
System memory in use after: 132.9 MB.

Unloading 4 unused Assets to reduce memory usage. Loaded Objects now: 1613.
Total: 3.669900 ms (FindLiveObjects: 0.290900 ms CreateObjectMapping: 0.063800 ms MarkObjects: 3.280700 ms  DeleteObjects: 0.032300 ms)

========================================================================
Received Prepare
Registering precompiled user dll's ...
Registered in 0.000871 seconds.
Begin MonoManager ReloadAssembly
Native extension for LinuxStandalone target not found
Native extension for WindowsStandalone target not found
Native extension for OSXStandalone target not found
Native extension for WebGL target not found
Refreshing native plugins compatible for Editor in 0.58 ms, found 0 plugins.
Preloading 0 native plugins for Editor in 0.00 ms.
Invoked RoslynAnalysisRunner static constructor.
RoslynAnalysisRunner will not be running.
RoslynAnalysisRunner has terminated.
Mono: successfully reloaded assembly
- Completed reload, in  1.602 seconds
Platform modules already initialized, skipping
Refreshing native plugins compatible for Editor in 0.39 ms, found 0 plugins.
Preloading 0 native plugins for Editor in 0.00 ms.
Unloading 1149 Unused Serialized files (Serialized files now loaded: 0)
System memory in use before: 132.9 MB.
System memory in use after: 133.0 MB.

Unloading 4 unused Assets to reduce memory usage. Loaded Objects now: 1615.
Total: 2.726600 ms (FindLiveObjects: 0.351400 ms CreateObjectMapping: 0.061900 ms MarkObjects: 2.283600 ms  DeleteObjects: 0.027100 ms)

========================================================================
Received Import Request.
  Time since last request: 1255.968135 seconds.
  path: Assets/Universal Sound FX/8BIT/Weapons/8BIT_RETRO_Fire_Blaster_Deep_Glide_mono.wav
  artifactKey: Guid(a1baf27b3c03dfd4081ca46ca0048ce4) Importer(815301076,1909f56bfc062723c751e8b465ee728b)
Start importing Assets/Universal Sound FX/8BIT/Weapons/8BIT_RETRO_Fire_Blaster_Deep_Glide_mono.wav using Guid(a1baf27b3c03dfd4081ca46ca0048ce4) Importer(815301076,1909f56bfc062723c751e8b465ee728b)  -> (artifact id: '9689678ebb0deeb142634865ac56b743') in 0.113758 seconds
  Import took 0.119700 seconds .

========================================================================
Received Import Request.
  Time since last request: 0.001100 seconds.
  path: Assets/Universal Sound FX/8BIT/Weapons/8BIT_RETRO_Fire_Blaster_Deep_Glide_mono.wav
  artifactKey: Guid(a1baf27b3c03dfd4081ca46ca0048ce4) Importer(815301076,1909f56bfc062723c751e8b465ee728b)
Start importing Assets/Universal Sound FX/8BIT/Weapons/8BIT_RETRO_Fire_Blaster_Deep_Glide_mono.wav using Guid(a1baf27b3c03dfd4081ca46ca0048ce4) Importer(815301076,1909f56bfc062723c751e8b465ee728b)  -> (artifact id: '9689678ebb0deeb142634865ac56b743') in 0.036244 seconds
  Import took 0.042659 seconds .

========================================================================
Received Import Request.
  Time since last request: 3.215507 seconds.
  path: Assets/Universal Sound FX/8BIT/Weapons/8BIT_RETRO_Fire_Blaster_Dirty_High_End_mono.wav
  artifactKey: Guid(7929d58135c9bb140a65af878e1bd810) Importer(815301076,1909f56bfc062723c751e8b465ee728b)
Start importing Assets/Universal Sound FX/8BIT/Weapons/8BIT_RETRO_Fire_Blaster_Dirty_High_End_mono.wav using Guid(7929d58135c9bb140a65af878e1bd810) Importer(815301076,1909f56bfc062723c751e8b465ee728b)  -> (artifact id: '1fbd07125ff12af76536a10f1eda27c4') in 0.042950 seconds
  Import took 0.046934 seconds .

========================================================================
Received Import Request.
  Time since last request: 1.684438 seconds.
  path: Assets/Universal Sound FX/8BIT/Weapons/8BIT_RETRO_Fire_Blaster_Short_Glide_Down_mono.wav
  artifactKey: Guid(9a60d623be5915644a1f5aaedd301657) Importer(815301076,1909f56bfc062723c751e8b465ee728b)
Start importing Assets/Universal Sound FX/8BIT/Weapons/8BIT_RETRO_Fire_Blaster_Short_Glide_Down_mono.wav using Guid(9a60d623be5915644a1f5aaedd301657) Importer(815301076,1909f56bfc062723c751e8b465ee728b)  -> (artifact id: '0cca278306dac9b30f661059721119ec') in 0.023917 seconds
  Import took 0.028675 seconds .

========================================================================
Received Import Request.
  Time since last request: 1.270611 seconds.
  path: Assets/Universal Sound FX/8BIT/Weapons/8BIT_RETRO_Fire_Blaster_Short_Glide_mono.wav
  artifactKey: Guid(f175aef063a22c043a1d7438d4ae2ccb) Importer(815301076,1909f56bfc062723c751e8b465ee728b)
Start importing Assets/Universal Sound FX/8BIT/Weapons/8BIT_RETRO_Fire_Blaster_Short_Glide_mono.wav using Guid(f175aef063a22c043a1d7438d4ae2ccb) Importer(815301076,1909f56bfc062723c751e8b465ee728b)  -> (artifact id: '3dc85000054ecc85e6241a8ef06e09dc') in 0.016085 seconds
  Import took 0.022866 seconds .

========================================================================
Received Import Request.
  Time since last request: 1.653170 seconds.
  path: Assets/Universal Sound FX/8BIT/Weapons/8BIT_RETRO_Fire_Blaster_Short_mono.wav
  artifactKey: Guid(0043c40759a8ed94899515604139e010) Importer(815301076,1909f56bfc062723c751e8b465ee728b)
Start importing Assets/Universal Sound FX/8BIT/Weapons/8BIT_RETRO_Fire_Blaster_Short_mono.wav using Guid(0043c40759a8ed94899515604139e010) Importer(815301076,1909f56bfc062723c751e8b465ee728b)  -> (artifact id: 'b6f89836506eff2d0a93792694ea0105') in 0.023402 seconds
  Import took 0.028026 seconds .

========================================================================
Received Import Request.
  Time since last request: 1.701054 seconds.
  path: Assets/Universal Sound FX/8BIT/Weapons/8BIT_RETRO_Fire_Blaster_Tap_Glide_mono.wav
  artifactKey: Guid(bdae2e0845b9c2948b379962085b039b) Importer(815301076,1909f56bfc062723c751e8b465ee728b)
Start importing Assets/Universal Sound FX/8BIT/Weapons/8BIT_RETRO_Fire_Blaster_Tap_Glide_mono.wav using Guid(bdae2e0845b9c2948b379962085b039b) Importer(815301076,1909f56bfc062723c751e8b465ee728b)  -> (artifact id: 'b8a25a0ebea1209efef29f70ee1e1498') in 0.017889 seconds
  Import took 0.022124 seconds .

========================================================================
Received Import Request.
  Time since last request: 1.519780 seconds.
  path: Assets/Universal Sound FX/8BIT/Weapons/8BIT_RETRO_Fire_Blaster_Triple_mono.wav
  artifactKey: Guid(b2199ad43fc443042a1e7cf54e8169fe) Importer(815301076,1909f56bfc062723c751e8b465ee728b)
Start importing Assets/Universal Sound FX/8BIT/Weapons/8BIT_RETRO_Fire_Blaster_Triple_mono.wav using Guid(b2199ad43fc443042a1e7cf54e8169fe) Importer(815301076,1909f56bfc062723c751e8b465ee728b)  -> (artifact id: '605d949a9c4ebd006690f49458aea42d') in 0.019102 seconds
  Import took 0.022449 seconds .

========================================================================
Received Import Request.
  Time since last request: 0.001984 seconds.
  path: Assets/Universal Sound FX/8BIT/Weapons/8BIT_RETRO_Fire_Blaster_Triple_mono.wav
  artifactKey: Guid(b2199ad43fc443042a1e7cf54e8169fe) Importer(815301076,1909f56bfc062723c751e8b465ee728b)
Start importing Assets/Universal Sound FX/8BIT/Weapons/8BIT_RETRO_Fire_Blaster_Triple_mono.wav using Guid(b2199ad43fc443042a1e7cf54e8169fe) Importer(815301076,1909f56bfc062723c751e8b465ee728b)  -> (artifact id: '605d949a9c4ebd006690f49458aea42d') in 0.021896 seconds
  Import took 0.026372 seconds .

========================================================================
Received Import Request.
  Time since last request: 1.652937 seconds.
  path: Assets/Universal Sound FX/8BIT/Weapons/8BIT_RETRO_Fire_Blaster_Zap_Thud_mono.wav
  artifactKey: Guid(e0cceb4adc5f7ef4dbc1012acda70843) Importer(815301076,1909f56bfc062723c751e8b465ee728b)
Start importing Assets/Universal Sound FX/8BIT/Weapons/8BIT_RETRO_Fire_Blaster_Zap_Thud_mono.wav using Guid(e0cceb4adc5f7ef4dbc1012acda70843) Importer(815301076,1909f56bfc062723c751e8b465ee728b)  -> (artifact id: '2d28e319ba5c33343f5e1ebf1b816e33') in 0.065932 seconds
  Import took 0.073884 seconds .

========================================================================
Received Import Request.
  Time since last request: 6.284125 seconds.
  path: Assets/Universal Sound FX/8BIT/Explosions/Cannon_Audio.wav
  artifactKey: Guid(c18cb9a8e5991d64f82be48f13d9a86b) Importer(815301076,1909f56bfc062723c751e8b465ee728b)
Start importing Assets/Universal Sound FX/8BIT/Explosions/Cannon_Audio.wav using Guid(c18cb9a8e5991d64f82be48f13d9a86b) Importer(815301076,1909f56bfc062723c751e8b465ee728b)  -> (artifact id: 'b21f67205225686850c3eb41d17b4928') in 0.042746 seconds
  Import took 0.045915 seconds .

========================================================================
Received Import Request.
  Time since last request: 2.775458 seconds.
  path: Assets/Universal Sound FX/8BIT/Explosions/Rubble.wav
  artifactKey: Guid(dcaffa636d5c657418405351056b20ba) Importer(815301076,1909f56bfc062723c751e8b465ee728b)
Start importing Assets/Universal Sound FX/8BIT/Explosions/Rubble.wav using Guid(dcaffa636d5c657418405351056b20ba) Importer(815301076,1909f56bfc062723c751e8b465ee728b)  -> (artifact id: '1975382e04be641a059aa2593f312a56') in 0.031235 seconds
  Import took 0.034700 seconds .

========================================================================
Received Prepare
Registering precompiled user dll's ...
Registered in 0.001119 seconds.
Begin MonoManager ReloadAssembly
Native extension for LinuxStandalone target not found
Native extension for WindowsStandalone target not found
Native extension for OSXStandalone target not found
Native extension for WebGL target not found
Refreshing native plugins compatible for Editor in 0.43 ms, found 0 plugins.
Preloading 0 native plugins for Editor in 0.00 ms.
Invoked RoslynAnalysisRunner static constructor.
RoslynAnalysisRunner will not be running.
RoslynAnalysisRunner has terminated.
Mono: successfully reloaded assembly
- Completed reload, in  1.550 seconds
Platform modules already initialized, skipping
Refreshing native plugins compatible for Editor in 0.68 ms, found 0 plugins.
Preloading 0 native plugins for Editor in 0.00 ms.
Unloading 1149 Unused Serialized files (Serialized files now loaded: 0)
System memory in use before: 133.1 MB.
System memory in use after: 133.2 MB.

Unloading 4 unused Assets to reduce memory usage. Loaded Objects now: 1618.
Total: 2.625200 ms (FindLiveObjects: 0.283100 ms CreateObjectMapping: 0.063700 ms MarkObjects: 2.249900 ms  DeleteObjects: 0.026600 ms)

========================================================================
Received Prepare
Registering precompiled user dll's ...
Registered in 0.000933 seconds.
Begin MonoManager ReloadAssembly
Native extension for LinuxStandalone target not found
Native extension for WindowsStandalone target not found
Native extension for OSXStandalone target not found
Native extension for WebGL target not found
Refreshing native plugins compatible for Editor in 0.62 ms, found 0 plugins.
Preloading 0 native plugins for Editor in 0.00 ms.
Invoked RoslynAnalysisRunner static constructor.
RoslynAnalysisRunner will not be running.
RoslynAnalysisRunner has terminated.
Mono: successfully reloaded assembly
- Completed reload, in  2.404 seconds
Platform modules already initialized, skipping
Refreshing native plugins compatible for Editor in 0.46 ms, found 0 plugins.
Preloading 0 native plugins for Editor in 0.00 ms.
Unloading 1149 Unused Serialized files (Serialized files now loaded: 0)
System memory in use before: 133.2 MB.
System memory in use after: 133.3 MB.

Unloading 4 unused Assets to reduce memory usage. Loaded Objects now: 1620.
Total: 2.517000 ms (FindLiveObjects: 0.270700 ms CreateObjectMapping: 0.060800 ms MarkObjects: 2.152400 ms  DeleteObjects: 0.031500 ms)

========================================================================
Received Prepare
Registering precompiled user dll's ...
Registered in 0.003546 seconds.
Begin MonoManager ReloadAssembly
Native extension for LinuxStandalone target not found
Native extension for WindowsStandalone target not found
Native extension for OSXStandalone target not found
Native extension for WebGL target not found
Refreshing native plugins compatible for Editor in 0.58 ms, found 0 plugins.
Preloading 0 native plugins for Editor in 0.00 ms.
Invoked RoslynAnalysisRunner static constructor.
RoslynAnalysisRunner will not be running.
RoslynAnalysisRunner has terminated.
Mono: successfully reloaded assembly
- Completed reload, in  1.695 seconds
Platform modules already initialized, skipping
Refreshing native plugins compatible for Editor in 0.49 ms, found 0 plugins.
Preloading 0 native plugins for Editor in 0.00 ms.
Unloading 1149 Unused Serialized files (Serialized files now loaded: 0)
System memory in use before: 133.3 MB.
System memory in use after: 133.4 MB.

Unloading 4 unused Assets to reduce memory usage. Loaded Objects now: 1622.
Total: 4.212300 ms (FindLiveObjects: 0.302800 ms CreateObjectMapping: 0.066400 ms MarkObjects: 3.774100 ms  DeleteObjects: 0.064200 ms)

========================================================================
Received Prepare
Registering precompiled user dll's ...
Registered in 0.000848 seconds.
Begin MonoManager ReloadAssembly
Native extension for LinuxStandalone target not found
Native extension for WindowsStandalone target not found
Native extension for OSXStandalone target not found
Native extension for WebGL target not found
Refreshing native plugins compatible for Editor in 0.42 ms, found 0 plugins.
Preloading 0 native plugins for Editor in 0.00 ms.
Invoked RoslynAnalysisRunner static constructor.
RoslynAnalysisRunner will not be running.
RoslynAnalysisRunner has terminated.
Mono: successfully reloaded assembly
- Completed reload, in  1.766 seconds
Platform modules already initialized, skipping
Refreshing native plugins compatible for Editor in 2.43 ms, found 0 plugins.
Preloading 0 native plugins for Editor in 0.00 ms.
Unloading 1149 Unused Serialized files (Serialized files now loaded: 0)
System memory in use before: 133.4 MB.
System memory in use after: 133.5 MB.

Unloading 4 unused Assets to reduce memory usage. Loaded Objects now: 1624.
Total: 3.276200 ms (FindLiveObjects: 0.378200 ms CreateObjectMapping: 0.125300 ms MarkObjects: 2.735200 ms  DeleteObjects: 0.033400 ms)

========================================================================
Received Prepare
Registering precompiled user dll's ...
Registered in 0.000845 seconds.
Begin MonoManager ReloadAssembly
Native extension for LinuxStandalone target not found
Native extension for WindowsStandalone target not found
Native extension for OSXStandalone target not found
Native extension for WebGL target not found
Refreshing native plugins compatible for Editor in 0.41 ms, found 0 plugins.
Preloading 0 native plugins for Editor in 0.00 ms.
Invoked RoslynAnalysisRunner static constructor.
RoslynAnalysisRunner will not be running.
RoslynAnalysisRunner has terminated.
Mono: successfully reloaded assembly
- Completed reload, in  1.791 seconds
Platform modules already initialized, skipping
Refreshing native plugins compatible for Editor in 0.38 ms, found 0 plugins.
Preloading 0 native plugins for Editor in 0.00 ms.
Unloading 1149 Unused Serialized files (Serialized files now loaded: 0)
System memory in use before: 133.6 MB.
System memory in use after: 133.7 MB.

Unloading 4 unused Assets to reduce memory usage. Loaded Objects now: 1626.
Total: 2.575000 ms (FindLiveObjects: 0.292600 ms CreateObjectMapping: 0.063600 ms MarkObjects: 2.181100 ms  DeleteObjects: 0.036100 ms)

========================================================================
Received Prepare
Registering precompiled user dll's ...
Registered in 0.001256 seconds.
Begin MonoManager ReloadAssembly
Native extension for LinuxStandalone target not found
Native extension for WindowsStandalone target not found
Native extension for OSXStandalone target not found
Native extension for WebGL target not found
Refreshing native plugins compatible for Editor in 0.41 ms, found 0 plugins.
Preloading 0 native plugins for Editor in 0.00 ms.
Invoked RoslynAnalysisRunner static constructor.
RoslynAnalysisRunner will not be running.
RoslynAnalysisRunner has terminated.
Mono: successfully reloaded assembly
- Completed reload, in  1.972 seconds
Platform modules already initialized, skipping
Refreshing native plugins compatible for Editor in 0.38 ms, found 0 plugins.
Preloading 0 native plugins for Editor in 0.00 ms.
Unloading 1149 Unused Serialized files (Serialized files now loaded: 0)
System memory in use before: 133.6 MB.
System memory in use after: 133.7 MB.

Unloading 4 unused Assets to reduce memory usage. Loaded Objects now: 1628.
Total: 2.570000 ms (FindLiveObjects: 0.276900 ms CreateObjectMapping: 0.065700 ms MarkObjects: 2.199400 ms  DeleteObjects: 0.025600 ms)

========================================================================
Received Prepare
Registering precompiled user dll's ...
Registered in 0.001259 seconds.
Begin MonoManager ReloadAssembly
Native extension for LinuxStandalone target not found
Native extension for WindowsStandalone target not found
Native extension for OSXStandalone target not found
Native extension for WebGL target not found
Refreshing native plugins compatible for Editor in 0.46 ms, found 0 plugins.
Preloading 0 native plugins for Editor in 0.00 ms.
Invoked RoslynAnalysisRunner static constructor.
RoslynAnalysisRunner will not be running.
RoslynAnalysisRunner has terminated.
Mono: successfully reloaded assembly
- Completed reload, in  1.631 seconds
Platform modules already initialized, skipping
Refreshing native plugins compatible for Editor in 0.55 ms, found 0 plugins.
Preloading 0 native plugins for Editor in 0.00 ms.
Unloading 1149 Unused Serialized files (Serialized files now loaded: 0)
System memory in use before: 133.8 MB.
System memory in use after: 133.9 MB.

Unloading 4 unused Assets to reduce memory usage. Loaded Objects now: 1630.
Total: 3.522500 ms (FindLiveObjects: 0.298400 ms CreateObjectMapping: 0.105500 ms MarkObjects: 3.088900 ms  DeleteObjects: 0.027500 ms)

========================================================================
Received Import Request.
  Time since last request: 1192.041472 seconds.
  path: ProjectSettings/TagManager.asset
  artifactKey: Guid(00000000000000003000000000000000) Importer(815301076,1909f56bfc062723c751e8b465ee728b)
Start importing ProjectSettings/TagManager.asset using Guid(00000000000000003000000000000000) Importer(815301076,1909f56bfc062723c751e8b465ee728b)  -> (artifact id: '04b1f578a1f29c86f3fc324473855a8c') in 0.045542 seconds
  Import took 0.052486 seconds .

========================================================================
Received Prepare
Registering precompiled user dll's ...
Registered in 0.001185 seconds.
Begin MonoManager ReloadAssembly
Native extension for LinuxStandalone target not found
Native extension for WindowsStandalone target not found
Native extension for OSXStandalone target not found
Native extension for WebGL target not found
Refreshing native plugins compatible for Editor in 0.49 ms, found 0 plugins.
Preloading 0 native plugins for Editor in 0.00 ms.
Invoked RoslynAnalysisRunner static constructor.
RoslynAnalysisRunner will not be running.
RoslynAnalysisRunner has terminated.
Mono: successfully reloaded assembly
- Completed reload, in  1.632 seconds
Platform modules already initialized, skipping
Refreshing native plugins compatible for Editor in 1.81 ms, found 0 plugins.
Preloading 0 native plugins for Editor in 0.00 ms.
Unloading 1149 Unused Serialized files (Serialized files now loaded: 0)
System memory in use before: 134.0 MB.
System memory in use after: 134.1 MB.

Unloading 5 unused Assets to reduce memory usage. Loaded Objects now: 1632.
Total: 2.453400 ms (FindLiveObjects: 0.277300 ms CreateObjectMapping: 0.064000 ms MarkObjects: 2.083000 ms  DeleteObjects: 0.027100 ms)

========================================================================
Received Prepare
Registering precompiled user dll's ...
Registered in 0.000973 seconds.
Begin MonoManager ReloadAssembly
Native extension for LinuxStandalone target not found
Native extension for WindowsStandalone target not found
Native extension for OSXStandalone target not found
Native extension for WebGL target not found
Refreshing native plugins compatible for Editor in 0.46 ms, found 0 plugins.
Preloading 0 native plugins for Editor in 0.00 ms.
Invoked RoslynAnalysisRunner static constructor.
RoslynAnalysisRunner will not be running.
RoslynAnalysisRunner has terminated.
Mono: successfully reloaded assembly
- Completed reload, in  1.897 seconds
Platform modules already initialized, skipping
Refreshing native plugins compatible for Editor in 0.39 ms, found 0 plugins.
Preloading 0 native plugins for Editor in 0.00 ms.
Unloading 1149 Unused Serialized files (Serialized files now loaded: 0)
System memory in use before: 134.1 MB.
System memory in use after: 134.2 MB.

Unloading 4 unused Assets to reduce memory usage. Loaded Objects now: 1634.
Total: 3.027500 ms (FindLiveObjects: 0.300400 ms CreateObjectMapping: 0.070600 ms MarkObjects: 2.615300 ms  DeleteObjects: 0.038100 ms)

========================================================================
Received Prepare
Registering precompiled user dll's ...
Registered in 0.000994 seconds.
Begin MonoManager ReloadAssembly
Native extension for LinuxStandalone target not found
Native extension for WindowsStandalone target not found
Native extension for OSXStandalone target not found
Native extension for WebGL target not found
Refreshing native plugins compatible for Editor in 0.39 ms, found 0 plugins.
Preloading 0 native plugins for Editor in 0.00 ms.
Invoked RoslynAnalysisRunner static constructor.
RoslynAnalysisRunner will not be running.
RoslynAnalysisRunner has terminated.
Mono: successfully reloaded assembly
- Completed reload, in  1.832 seconds
Platform modules already initialized, skipping
Refreshing native plugins compatible for Editor in 0.41 ms, found 0 plugins.
Preloading 0 native plugins for Editor in 0.00 ms.
Unloading 1149 Unused Serialized files (Serialized files now loaded: 0)
System memory in use before: 134.2 MB.
System memory in use after: 134.3 MB.

Unloading 4 unused Assets to reduce memory usage. Loaded Objects now: 1636.
Total: 2.775400 ms (FindLiveObjects: 0.290800 ms CreateObjectMapping: 0.064800 ms MarkObjects: 2.390000 ms  DeleteObjects: 0.027800 ms)

========================================================================
Received Prepare
Registering precompiled user dll's ...
Registered in 0.001879 seconds.
Begin MonoManager ReloadAssembly
Native extension for LinuxStandalone target not found
Native extension for WindowsStandalone target not found
Native extension for OSXStandalone target not found
Native extension for WebGL target not found
Refreshing native plugins compatible for Editor in 0.52 ms, found 0 plugins.
Preloading 0 native plugins for Editor in 0.00 ms.
Invoked RoslynAnalysisRunner static constructor.
RoslynAnalysisRunner will not be running.
RoslynAnalysisRunner has terminated.
Mono: successfully reloaded assembly
- Completed reload, in  1.823 seconds
Platform modules already initialized, skipping
Refreshing native plugins compatible for Editor in 0.44 ms, found 0 plugins.
Preloading 0 native plugins for Editor in 0.00 ms.
Unloading 1149 Unused Serialized files (Serialized files now loaded: 0)
System memory in use before: 134.3 MB.
System memory in use after: 134.4 MB.

Unloading 4 unused Assets to reduce memory usage. Loaded Objects now: 1638.
Total: 4.826400 ms (FindLiveObjects: 0.310000 ms CreateObjectMapping: 0.062900 ms MarkObjects: 4.415600 ms  DeleteObjects: 0.033600 ms)

========================================================================
Received Import Request.
  Time since last request: 411.462941 seconds.
  path: Assets/Universal Sound FX/8BIT/Coin_Collect/8BIT_RETRO_Coin_Collect_One_Note_Twinkle_Short_mono.wav
  artifactKey: Guid(82c75e390a98395459c8032a19526c1e) Importer(815301076,1909f56bfc062723c751e8b465ee728b)
Start importing Assets/Universal Sound FX/8BIT/Coin_Collect/8BIT_RETRO_Coin_Collect_One_Note_Twinkle_Short_mono.wav using Guid(82c75e390a98395459c8032a19526c1e) Importer(815301076,1909f56bfc062723c751e8b465ee728b)  -> (artifact id: '4ec0d4904ed1c146047e99b77d25bf97') in 0.276665 seconds
  Import took 0.281119 seconds .

========================================================================
Received Import Request.
  Time since last request: 2.057779 seconds.
  path: Assets/Universal Sound FX/8BIT/Coin_Collect/8BIT_RETRO_Coin_Collect_Two_Dual_Note_Fast_Twinkle_mono.wav
  artifactKey: Guid(1622a24bab55cf34f90d0615624b08d4) Importer(815301076,1909f56bfc062723c751e8b465ee728b)
Start importing Assets/Universal Sound FX/8BIT/Coin_Collect/8BIT_RETRO_Coin_Collect_Two_Dual_Note_Fast_Twinkle_mono.wav using Guid(1622a24bab55cf34f90d0615624b08d4) Importer(815301076,1909f56bfc062723c751e8b465ee728b)  -> (artifact id: 'cddcbb062cbd00b48bcc4b06fe70f625') in 0.042982 seconds
  Import took 0.048841 seconds .

========================================================================
Received Import Request.
  Time since last request: 2.766453 seconds.
  path: Assets/Universal Sound FX/8BIT/Coin_Collect/8BIT_RETRO_Coin_Collect_Two_Note_Bright_Fast_mono.wav
  artifactKey: Guid(4b602c678b914a447b8416b07661b2e9) Importer(815301076,1909f56bfc062723c751e8b465ee728b)
Start importing Assets/Universal Sound FX/8BIT/Coin_Collect/8BIT_RETRO_Coin_Collect_Two_Note_Bright_Fast_mono.wav using Guid(4b602c678b914a447b8416b07661b2e9) Importer(815301076,1909f56bfc062723c751e8b465ee728b)  -> (artifact id: 'd57731a3166d3df93c8040c5b2bc20c9') in 0.055897 seconds
  Import took 0.062177 seconds .

========================================================================
Received Import Request.
  Time since last request: 1.595931 seconds.
  path: Assets/Universal Sound FX/8BIT/Coin_Collect/8BIT_RETRO_Coin_Collect_Two_Note_Bright_Slow_mono.wav
  artifactKey: Guid(15600f8c2934c564ea7e7135bcd74120) Importer(815301076,1909f56bfc062723c751e8b465ee728b)
Start importing Assets/Universal Sound FX/8BIT/Coin_Collect/8BIT_RETRO_Coin_Collect_Two_Note_Bright_Slow_mono.wav using Guid(15600f8c2934c564ea7e7135bcd74120) Importer(815301076,1909f56bfc062723c751e8b465ee728b)  -> (artifact id: 'a450609db07ca3f64f5f8276c3919ad2') in 0.019267 seconds
  Import took 0.022875 seconds .

========================================================================
Received Import Request.
  Time since last request: 0.002979 seconds.
  path: Assets/Universal Sound FX/8BIT/Coin_Collect/8BIT_RETRO_Coin_Collect_Two_Note_Bright_Slow_mono.wav
  artifactKey: Guid(15600f8c2934c564ea7e7135bcd74120) Importer(815301076,1909f56bfc062723c751e8b465ee728b)
Start importing Assets/Universal Sound FX/8BIT/Coin_Collect/8BIT_RETRO_Coin_Collect_Two_Note_Bright_Slow_mono.wav using Guid(15600f8c2934c564ea7e7135bcd74120) Importer(815301076,1909f56bfc062723c751e8b465ee728b)  -> (artifact id: 'a450609db07ca3f64f5f8276c3919ad2') in 0.023637 seconds
  Import took 0.028112 seconds .

========================================================================
Received Import Request.
  Time since last request: 1.541358 seconds.
  path: Assets/Universal Sound FX/8BIT/Coin_Collect/8BIT_RETRO_Coin_Collect_Two_Note_Bright_Twinkle_mono.wav
  artifactKey: Guid(b60d4d186119ff341ad674aea9bd8c6d) Importer(815301076,1909f56bfc062723c751e8b465ee728b)
Start importing Assets/Universal Sound FX/8BIT/Coin_Collect/8BIT_RETRO_Coin_Collect_Two_Note_Bright_Twinkle_mono.wav using Guid(b60d4d186119ff341ad674aea9bd8c6d) Importer(815301076,1909f56bfc062723c751e8b465ee728b)  -> (artifact id: '028bb13fe3f293aa4c143486266f1cc5') in 0.024388 seconds
  Import took 0.027507 seconds .

========================================================================
Received Import Request.
  Time since last request: 1.626946 seconds.
  path: Assets/Universal Sound FX/8BIT/Coin_Collect/8BIT_RETRO_Coin_Collect_Two_Note_Deep_Twinkle_High_Frequence_mono.wav
  artifactKey: Guid(b6c2cd88260c6014bb6404f7af306eb9) Importer(815301076,1909f56bfc062723c751e8b465ee728b)
Start importing Assets/Universal Sound FX/8BIT/Coin_Collect/8BIT_RETRO_Coin_Collect_Two_Note_Deep_Twinkle_High_Frequence_mono.wav using Guid(b6c2cd88260c6014bb6404f7af306eb9) Importer(815301076,1909f56bfc062723c751e8b465ee728b)  -> (artifact id: '48b2793b497652993a56f0c2d19a7d67') in 0.036349 seconds
  Import took 0.040037 seconds .

========================================================================
Received Import Request.
  Time since last request: 1.592676 seconds.
  path: Assets/Universal Sound FX/8BIT/Coin_Collect/8BIT_RETRO_Coin_Collect_Two_Note_Deep_Twinkle_mono.wav
  artifactKey: Guid(fe84933f992b9f44381269ba3b35e727) Importer(815301076,1909f56bfc062723c751e8b465ee728b)
Start importing Assets/Universal Sound FX/8BIT/Coin_Collect/8BIT_RETRO_Coin_Collect_Two_Note_Deep_Twinkle_mono.wav using Guid(fe84933f992b9f44381269ba3b35e727) Importer(815301076,1909f56bfc062723c751e8b465ee728b)  -> (artifact id: '93c1dd5b73eb5c1f7ccd2e49604c07c3') in 0.016889 seconds
  Import took 0.021567 seconds .

========================================================================
Received Import Request.
  Time since last request: 0.003373 seconds.
  path: Assets/Universal Sound FX/8BIT/Coin_Collect/8BIT_RETRO_Coin_Collect_Two_Note_Deep_Twinkle_mono.wav
  artifactKey: Guid(fe84933f992b9f44381269ba3b35e727) Importer(815301076,1909f56bfc062723c751e8b465ee728b)
Start importing Assets/Universal Sound FX/8BIT/Coin_Collect/8BIT_RETRO_Coin_Collect_Two_Note_Deep_Twinkle_mono.wav using Guid(fe84933f992b9f44381269ba3b35e727) Importer(815301076,1909f56bfc062723c751e8b465ee728b)  -> (artifact id: '93c1dd5b73eb5c1f7ccd2e49604c07c3') in 0.027587 seconds
  Import took 0.045348 seconds .

========================================================================
Received Import Request.
  Time since last request: 1.763949 seconds.
  path: Assets/Universal Sound FX/8BIT/Coin_Collect/8BIT_RETRO_Coin_Collect_Two_Note_Off_Tune_Twinkle_mono.wav
  artifactKey: Guid(ab638bb7e8382bc4a889a34882a38dce) Importer(815301076,1909f56bfc062723c751e8b465ee728b)
Start importing Assets/Universal Sound FX/8BIT/Coin_Collect/8BIT_RETRO_Coin_Collect_Two_Note_Off_Tune_Twinkle_mono.wav using Guid(ab638bb7e8382bc4a889a34882a38dce) Importer(815301076,1909f56bfc062723c751e8b465ee728b)  -> (artifact id: 'abf040ab9bac424dca970658b8edbda9') in 0.021649 seconds
  Import took 0.027117 seconds .

========================================================================
Received Import Request.
  Time since last request: 1.413158 seconds.
  path: Assets/Universal Sound FX/8BIT/Coin_Collect/8BIT_RETRO_Coin_Collect_Two_Note_Twinkle_Fast_mono.wav
  artifactKey: Guid(80dab223925be7d409a41e61bcf7878b) Importer(815301076,1909f56bfc062723c751e8b465ee728b)
Start importing Assets/Universal Sound FX/8BIT/Coin_Collect/8BIT_RETRO_Coin_Collect_Two_Note_Twinkle_Fast_mono.wav using Guid(80dab223925be7d409a41e61bcf7878b) Importer(815301076,1909f56bfc062723c751e8b465ee728b)  -> (artifact id: 'ab2d95cd1dcd5623ebee8d4c55d649d2') in 0.030032 seconds
  Import took 0.036517 seconds .

========================================================================
Received Import Request.
  Time since last request: 1.438278 seconds.
  path: Assets/Universal Sound FX/8BIT/Coin_Collect/8BIT_RETRO_Coin_Collect_Two_Note_Twinkle_mono.wav
  artifactKey: Guid(b9c2c66bfaa0ddf428e90ea7122de98f) Importer(815301076,1909f56bfc062723c751e8b465ee728b)
Start importing Assets/Universal Sound FX/8BIT/Coin_Collect/8BIT_RETRO_Coin_Collect_Two_Note_Twinkle_mono.wav using Guid(b9c2c66bfaa0ddf428e90ea7122de98f) Importer(815301076,1909f56bfc062723c751e8b465ee728b)  -> (artifact id: 'ea3a07cea609120e2837dcf5c6104393') in 0.046070 seconds
  Import took 0.050108 seconds .

========================================================================
Received Import Request.
  Time since last request: 7.038981 seconds.
  path: Assets/Universal Sound FX/8BIT/Powerups/8BIT_RETRO_Powerup_Spawn_Appear_Fading_mono.wav
  artifactKey: Guid(d1125e87929616844a8b30644fb31945) Importer(815301076,1909f56bfc062723c751e8b465ee728b)
Start importing Assets/Universal Sound FX/8BIT/Powerups/8BIT_RETRO_Powerup_Spawn_Appear_Fading_mono.wav using Guid(d1125e87929616844a8b30644fb31945) Importer(815301076,1909f56bfc062723c751e8b465ee728b)  -> (artifact id: '09932be4d0cfc546c1b161018ae338e2') in 0.058413 seconds
  Import took 0.063230 seconds .

========================================================================
Received Import Request.
  Time since last request: 2.455234 seconds.
  path: Assets/Universal Sound FX/8BIT/Powerups/8BIT_RETRO_Powerup_Spawn_Bright_Repeating_Fading_mono.wav
  artifactKey: Guid(e421edea8d69bf24f8559bfe44284f73) Importer(815301076,1909f56bfc062723c751e8b465ee728b)
Start importing Assets/Universal Sound FX/8BIT/Powerups/8BIT_RETRO_Powerup_Spawn_Bright_Repeating_Fading_mono.wav using Guid(e421edea8d69bf24f8559bfe44284f73) Importer(815301076,1909f56bfc062723c751e8b465ee728b)  -> (artifact id: '1e0a155946b0f159a43c73a9cb3c3eec') in 0.018418 seconds
  Import took 0.022594 seconds .

========================================================================
Received Import Request.
  Time since last request: 0.002370 seconds.
  path: Assets/Universal Sound FX/8BIT/Powerups/8BIT_RETRO_Powerup_Spawn_Bright_Repeating_Fading_mono.wav
  artifactKey: Guid(e421edea8d69bf24f8559bfe44284f73) Importer(815301076,1909f56bfc062723c751e8b465ee728b)
Start importing Assets/Universal Sound FX/8BIT/Powerups/8BIT_RETRO_Powerup_Spawn_Bright_Repeating_Fading_mono.wav using Guid(e421edea8d69bf24f8559bfe44284f73) Importer(815301076,1909f56bfc062723c751e8b465ee728b)  -> (artifact id: '1e0a155946b0f159a43c73a9cb3c3eec') in 0.052393 seconds
  Import took 0.061243 seconds .

========================================================================
Received Import Request.
  Time since last request: 4.885002 seconds.
  path: Assets/Universal Sound FX/8BIT/Powerups/8BIT_RETRO_Powerup_Spawn_Flash_Aggressive_mono.wav
  artifactKey: Guid(064a6d8a07b478b4ab48c4087555cd69) Importer(815301076,1909f56bfc062723c751e8b465ee728b)
Start importing Assets/Universal Sound FX/8BIT/Powerups/8BIT_RETRO_Powerup_Spawn_Flash_Aggressive_mono.wav using Guid(064a6d8a07b478b4ab48c4087555cd69) Importer(815301076,1909f56bfc062723c751e8b465ee728b)  -> (artifact id: '64ab72d1304143156f0d07c6b7536c55') in 0.047892 seconds
  Import took 0.052128 seconds .

========================================================================
Received Import Request.
  Time since last request: 1.902757 seconds.
  path: Assets/Universal Sound FX/8BIT/Powerups/8BIT_RETRO_Powerup_Spawn_Flash_Fading_mono.wav
  artifactKey: Guid(183181c8cff997944ba2e56e4dcb57eb) Importer(815301076,1909f56bfc062723c751e8b465ee728b)
Start importing Assets/Universal Sound FX/8BIT/Powerups/8BIT_RETRO_Powerup_Spawn_Flash_Fading_mono.wav using Guid(183181c8cff997944ba2e56e4dcb57eb) Importer(815301076,1909f56bfc062723c751e8b465ee728b)  -> (artifact id: '4988679e2644f4780195482f166c6351') in 0.024918 seconds
  Import took 0.029060 seconds .

========================================================================
Received Import Request.
  Time since last request: 1.570226 seconds.
  path: Assets/Universal Sound FX/8BIT/Powerups/8BIT_RETRO_Powerup_Spawn_Quick_Climbing_mono.wav
  artifactKey: Guid(453addd541cfbf0439dca337c16cece5) Importer(815301076,1909f56bfc062723c751e8b465ee728b)
Start importing Assets/Universal Sound FX/8BIT/Powerups/8BIT_RETRO_Powerup_Spawn_Quick_Climbing_mono.wav using Guid(453addd541cfbf0439dca337c16cece5) Importer(815301076,1909f56bfc062723c751e8b465ee728b)  -> (artifact id: 'b2c508d30ea3c6d8eb7ee72f6debb0b7') in 0.019526 seconds
  Import took 0.022827 seconds .

========================================================================
Received Import Request.
  Time since last request: 0.002867 seconds.
  path: Assets/Universal Sound FX/8BIT/Powerups/8BIT_RETRO_Powerup_Spawn_Quick_Climbing_mono.wav
  artifactKey: Guid(453addd541cfbf0439dca337c16cece5) Importer(815301076,1909f56bfc062723c751e8b465ee728b)
Start importing Assets/Universal Sound FX/8BIT/Powerups/8BIT_RETRO_Powerup_Spawn_Quick_Climbing_mono.wav using Guid(453addd541cfbf0439dca337c16cece5) Importer(815301076,1909f56bfc062723c751e8b465ee728b)  -> (artifact id: 'b2c508d30ea3c6d8eb7ee72f6debb0b7') in 0.024872 seconds
  Import took 0.030973 seconds .

========================================================================
Received Import Request.
  Time since last request: 1.652494 seconds.
  path: Assets/Universal Sound FX/8BIT/Powerups/8BIT_RETRO_Powerup_Spawn_Quick_Deep_mono.wav
  artifactKey: Guid(7809ae039aa58b745b6e4172e659ce86) Importer(815301076,1909f56bfc062723c751e8b465ee728b)
Start importing Assets/Universal Sound FX/8BIT/Powerups/8BIT_RETRO_Powerup_Spawn_Quick_Deep_mono.wav using Guid(7809ae039aa58b745b6e4172e659ce86) Importer(815301076,1909f56bfc062723c751e8b465ee728b)  -> (artifact id: '5959b97acece726ac82d11b62a07c865') in 0.049020 seconds
  Import took 0.055760 seconds .

========================================================================
Received Import Request.
  Time since last request: 1.234490 seconds.
  path: Assets/Universal Sound FX/8BIT/Powerups/8BIT_RETRO_Powerup_Spawn_Reverse_Repeating_Fading_mono.wav
  artifactKey: Guid(e9a54e9f2fa634241ac4ab206579439d) Importer(815301076,1909f56bfc062723c751e8b465ee728b)
Start importing Assets/Universal Sound FX/8BIT/Powerups/8BIT_RETRO_Powerup_Spawn_Reverse_Repeating_Fading_mono.wav using Guid(e9a54e9f2fa634241ac4ab206579439d) Importer(815301076,1909f56bfc062723c751e8b465ee728b)  -> (artifact id: '5fecde9189cc0193365866f323ae7dc7') in 0.061489 seconds
  Import took 0.064891 seconds .

========================================================================
Received Import Request.
  Time since last request: 1.312822 seconds.
  path: Assets/Universal Sound FX/8BIT/Powerups/8BIT_RETRO_Powerup_Spawn_Reverse_Repeating_Fading_Zaps_mono.wav
  artifactKey: Guid(ffa96af717384704c9c5a003564d4228) Importer(815301076,1909f56bfc062723c751e8b465ee728b)
Start importing Assets/Universal Sound FX/8BIT/Powerups/8BIT_RETRO_Powerup_Spawn_Reverse_Repeating_Fading_Zaps_mono.wav using Guid(ffa96af717384704c9c5a003564d4228) Importer(815301076,1909f56bfc062723c751e8b465ee728b)  -> (artifact id: 'bf7ec7245fe85e3a7a1948e0e8897399') in 0.045118 seconds
  Import took 0.048371 seconds .

========================================================================
Received Prepare
Registering precompiled user dll's ...
Registered in 0.006607 seconds.
Begin MonoManager ReloadAssembly
Native extension for LinuxStandalone target not found
Native extension for WindowsStandalone target not found
Native extension for OSXStandalone target not found
Native extension for WebGL target not found
Refreshing native plugins compatible for Editor in 0.41 ms, found 0 plugins.
Preloading 0 native plugins for Editor in 0.00 ms.
Invoked RoslynAnalysisRunner static constructor.
RoslynAnalysisRunner will not be running.
RoslynAnalysisRunner has terminated.
Mono: successfully reloaded assembly
- Completed reload, in  2.155 seconds
Platform modules already initialized, skipping
Refreshing native plugins compatible for Editor in 0.51 ms, found 0 plugins.
Preloading 0 native plugins for Editor in 0.00 ms.
Unloading 1149 Unused Serialized files (Serialized files now loaded: 0)
System memory in use before: 134.5 MB.
System memory in use after: 134.6 MB.

Unloading 4 unused Assets to reduce memory usage. Loaded Objects now: 1641.
Total: 4.298900 ms (FindLiveObjects: 0.807300 ms CreateObjectMapping: 0.079800 ms MarkObjects: 3.380100 ms  DeleteObjects: 0.028700 ms)

========================================================================
Received Prepare
Registering precompiled user dll's ...
Registered in 0.000869 seconds.
Begin MonoManager ReloadAssembly
Native extension for LinuxStandalone target not found
Native extension for WindowsStandalone target not found
Native extension for OSXStandalone target not found
Native extension for WebGL target not found
Refreshing native plugins compatible for Editor in 0.43 ms, found 0 plugins.
Preloading 0 native plugins for Editor in 0.00 ms.
Invoked RoslynAnalysisRunner static constructor.
RoslynAnalysisRunner will not be running.
RoslynAnalysisRunner has terminated.
Mono: successfully reloaded assembly
- Completed reload, in  1.730 seconds
Platform modules already initialized, skipping
Refreshing native plugins compatible for Editor in 0.38 ms, found 0 plugins.
Preloading 0 native plugins for Editor in 0.00 ms.
Unloading 1149 Unused Serialized files (Serialized files now loaded: 0)
System memory in use before: 134.6 MB.
System memory in use after: 134.7 MB.

Unloading 4 unused Assets to reduce memory usage. Loaded Objects now: 1643.
Total: 4.354400 ms (FindLiveObjects: 0.282300 ms CreateObjectMapping: 0.068000 ms MarkObjects: 3.621800 ms  DeleteObjects: 0.379600 ms)

========================================================================
Received Prepare
Registering precompiled user dll's ...
Registered in 0.000903 seconds.
Begin MonoManager ReloadAssembly
Native extension for LinuxStandalone target not found
Native extension for WindowsStandalone target not found
Native extension for OSXStandalone target not found
Native extension for WebGL target not found
Refreshing native plugins compatible for Editor in 0.40 ms, found 0 plugins.
Preloading 0 native plugins for Editor in 0.00 ms.
Invoked RoslynAnalysisRunner static constructor.
RoslynAnalysisRunner will not be running.
RoslynAnalysisRunner has terminated.
Mono: successfully reloaded assembly
- Completed reload, in  1.734 seconds
Platform modules already initialized, skipping
Refreshing native plugins compatible for Editor in 0.38 ms, found 0 plugins.
Preloading 0 native plugins for Editor in 0.00 ms.
Unloading 1149 Unused Serialized files (Serialized files now loaded: 0)
System memory in use before: 134.7 MB.
System memory in use after: 134.7 MB.

Unloading 4 unused Assets to reduce memory usage. Loaded Objects now: 1645.
Total: 2.786900 ms (FindLiveObjects: 0.282300 ms CreateObjectMapping: 0.066200 ms MarkObjects: 2.395600 ms  DeleteObjects: 0.039700 ms)

========================================================================
Received Prepare
Registering precompiled user dll's ...
Registered in 0.001001 seconds.
Begin MonoManager ReloadAssembly
Native extension for LinuxStandalone target not found
Native extension for WindowsStandalone target not found
Native extension for OSXStandalone target not found
Native extension for WebGL target not found
Refreshing native plugins compatible for Editor in 0.52 ms, found 0 plugins.
Preloading 0 native plugins for Editor in 0.00 ms.
Invoked RoslynAnalysisRunner static constructor.
RoslynAnalysisRunner will not be running.
RoslynAnalysisRunner has terminated.
Mono: successfully reloaded assembly
- Completed reload, in  1.784 seconds
Platform modules already initialized, skipping
Refreshing native plugins compatible for Editor in 0.45 ms, found 0 plugins.
Preloading 0 native plugins for Editor in 0.00 ms.
Unloading 1149 Unused Serialized files (Serialized files now loaded: 0)
System memory in use before: 133.9 MB.
System memory in use after: 134.0 MB.

Unloading 4 unused Assets to reduce memory usage. Loaded Objects now: 1647.
Total: 2.948700 ms (FindLiveObjects: 0.299100 ms CreateObjectMapping: 0.069400 ms MarkObjects: 2.548300 ms  DeleteObjects: 0.029800 ms)

========================================================================
Received Prepare
Registering precompiled user dll's ...
Registered in 0.001070 seconds.
Begin MonoManager ReloadAssembly
Native extension for LinuxStandalone target not found
Native extension for WindowsStandalone target not found
Native extension for OSXStandalone target not found
Native extension for WebGL target not found
Refreshing native plugins compatible for Editor in 0.57 ms, found 0 plugins.
Preloading 0 native plugins for Editor in 0.00 ms.
Invoked RoslynAnalysisRunner static constructor.
RoslynAnalysisRunner will not be running.
RoslynAnalysisRunner has terminated.
Mono: successfully reloaded assembly
- Completed reload, in  1.775 seconds
Platform modules already initialized, skipping
Refreshing native plugins compatible for Editor in 0.48 ms, found 0 plugins.
Preloading 0 native plugins for Editor in 0.00 ms.
Unloading 1149 Unused Serialized files (Serialized files now loaded: 0)
System memory in use before: 134.0 MB.
System memory in use after: 134.1 MB.

Unloading 4 unused Assets to reduce memory usage. Loaded Objects now: 1649.
Total: 5.016600 ms (FindLiveObjects: 0.436600 ms CreateObjectMapping: 0.167700 ms MarkObjects: 4.358800 ms  DeleteObjects: 0.050700 ms)

========================================================================
Received Prepare
Registering precompiled user dll's ...
Registered in 0.000982 seconds.
Begin MonoManager ReloadAssembly
Native extension for LinuxStandalone target not found
Native extension for WindowsStandalone target not found
Native extension for OSXStandalone target not found
Native extension for WebGL target not found
Refreshing native plugins compatible for Editor in 0.43 ms, found 0 plugins.
Preloading 0 native plugins for Editor in 0.00 ms.
Invoked RoslynAnalysisRunner static constructor.
RoslynAnalysisRunner will not be running.
RoslynAnalysisRunner has terminated.
Mono: successfully reloaded assembly
- Completed reload, in  1.770 seconds
Platform modules already initialized, skipping
Refreshing native plugins compatible for Editor in 1.21 ms, found 0 plugins.
Preloading 0 native plugins for Editor in 0.00 ms.
Unloading 1149 Unused Serialized files (Serialized files now loaded: 0)
System memory in use before: 134.1 MB.
System memory in use after: 134.2 MB.

Unloading 4 unused Assets to reduce memory usage. Loaded Objects now: 1651.
Total: 2.575900 ms (FindLiveObjects: 0.296100 ms CreateObjectMapping: 0.066200 ms MarkObjects: 2.156600 ms  DeleteObjects: 0.054800 ms)

========================================================================
Received Prepare
Registering precompiled user dll's ...
Registered in 0.001489 seconds.
Begin MonoManager ReloadAssembly
Native extension for LinuxStandalone target not found
Native extension for WindowsStandalone target not found
Native extension for OSXStandalone target not found
Native extension for WebGL target not found
Refreshing native plugins compatible for Editor in 0.40 ms, found 0 plugins.
Preloading 0 native plugins for Editor in 0.00 ms.
Invoked RoslynAnalysisRunner static constructor.
RoslynAnalysisRunner will not be running.
RoslynAnalysisRunner has terminated.
Mono: successfully reloaded assembly
- Completed reload, in  1.532 seconds
Platform modules already initialized, skipping
Refreshing native plugins compatible for Editor in 0.39 ms, found 0 plugins.
Preloading 0 native plugins for Editor in 0.00 ms.
Unloading 1149 Unused Serialized files (Serialized files now loaded: 0)
System memory in use before: 134.2 MB.
System memory in use after: 134.3 MB.

Unloading 4 unused Assets to reduce memory usage. Loaded Objects now: 1653.
Total: 2.933800 ms (FindLiveObjects: 0.310800 ms CreateObjectMapping: 0.071100 ms MarkObjects: 2.522000 ms  DeleteObjects: 0.027500 ms)

========================================================================
Received Prepare
Registering precompiled user dll's ...
Registered in 0.001924 seconds.
Begin MonoManager ReloadAssembly
Native extension for LinuxStandalone target not found
Native extension for WindowsStandalone target not found
Native extension for OSXStandalone target not found
Native extension for WebGL target not found
Refreshing native plugins compatible for Editor in 0.40 ms, found 0 plugins.
Preloading 0 native plugins for Editor in 0.00 ms.
Invoked RoslynAnalysisRunner static constructor.
RoslynAnalysisRunner will not be running.
RoslynAnalysisRunner has terminated.
Mono: successfully reloaded assembly
- Completed reload, in  1.882 seconds
Platform modules already initialized, skipping
Refreshing native plugins compatible for Editor in 0.38 ms, found 0 plugins.
Preloading 0 native plugins for Editor in 0.00 ms.
Unloading 1149 Unused Serialized files (Serialized files now loaded: 0)
System memory in use before: 134.4 MB.
System memory in use after: 134.5 MB.

Unloading 4 unused Assets to reduce memory usage. Loaded Objects now: 1655.
Total: 3.141000 ms (FindLiveObjects: 0.426200 ms CreateObjectMapping: 0.225300 ms MarkObjects: 2.458700 ms  DeleteObjects: 0.027000 ms)

========================================================================
Received Prepare
Registering precompiled user dll's ...
Registered in 0.001177 seconds.
Begin MonoManager ReloadAssembly
Native extension for LinuxStandalone target not found
Native extension for WindowsStandalone target not found
Native extension for OSXStandalone target not found
Native extension for WebGL target not found
Refreshing native plugins compatible for Editor in 0.40 ms, found 0 plugins.
Preloading 0 native plugins for Editor in 0.00 ms.
Invoked RoslynAnalysisRunner static constructor.
RoslynAnalysisRunner will not be running.
RoslynAnalysisRunner has terminated.
Mono: successfully reloaded assembly
- Completed reload, in  1.586 seconds
Platform modules already initialized, skipping
Refreshing native plugins compatible for Editor in 0.39 ms, found 0 plugins.
Preloading 0 native plugins for Editor in 0.00 ms.
Unloading 1149 Unused Serialized files (Serialized files now loaded: 0)
System memory in use before: 134.5 MB.
System memory in use after: 134.6 MB.

Unloading 4 unused Assets to reduce memory usage. Loaded Objects now: 1657.
Total: 3.465400 ms (FindLiveObjects: 0.282400 ms CreateObjectMapping: 0.064100 ms MarkObjects: 3.079600 ms  DeleteObjects: 0.036300 ms)

========================================================================
Received Prepare
Registering precompiled user dll's ...
Registered in 0.001086 seconds.
Begin MonoManager ReloadAssembly
Native extension for LinuxStandalone target not found
Native extension for WindowsStandalone target not found
Native extension for OSXStandalone target not found
Native extension for WebGL target not found
Refreshing native plugins compatible for Editor in 0.41 ms, found 0 plugins.
Preloading 0 native plugins for Editor in 0.00 ms.
Invoked RoslynAnalysisRunner static constructor.
RoslynAnalysisRunner will not be running.
RoslynAnalysisRunner has terminated.
Mono: successfully reloaded assembly
- Completed reload, in  1.857 seconds
Platform modules already initialized, skipping
Refreshing native plugins compatible for Editor in 0.39 ms, found 0 plugins.
Preloading 0 native plugins for Editor in 0.00 ms.
Unloading 1149 Unused Serialized files (Serialized files now loaded: 0)
System memory in use before: 134.6 MB.
System memory in use after: 134.7 MB.

Unloading 4 unused Assets to reduce memory usage. Loaded Objects now: 1659.
Total: 3.687000 ms (FindLiveObjects: 0.283200 ms CreateObjectMapping: 0.071900 ms MarkObjects: 3.303500 ms  DeleteObjects: 0.025700 ms)

========================================================================
Received Prepare
Registering precompiled user dll's ...
Registered in 0.000855 seconds.
Begin MonoManager ReloadAssembly
Native extension for LinuxStandalone target not found
Native extension for WindowsStandalone target not found
Native extension for OSXStandalone target not found
Native extension for WebGL target not found
Refreshing native plugins compatible for Editor in 3.49 ms, found 0 plugins.
Preloading 0 native plugins for Editor in 0.00 ms.
Invoked RoslynAnalysisRunner static constructor.
RoslynAnalysisRunner will not be running.
RoslynAnalysisRunner has terminated.
Mono: successfully reloaded assembly
- Completed reload, in  1.812 seconds
Platform modules already initialized, skipping
Refreshing native plugins compatible for Editor in 0.39 ms, found 0 plugins.
Preloading 0 native plugins for Editor in 0.00 ms.
Unloading 1149 Unused Serialized files (Serialized files now loaded: 0)
System memory in use before: 134.7 MB.
System memory in use after: 134.8 MB.

Unloading 4 unused Assets to reduce memory usage. Loaded Objects now: 1661.
Total: 2.961100 ms (FindLiveObjects: 0.299400 ms CreateObjectMapping: 0.085400 ms MarkObjects: 2.540100 ms  DeleteObjects: 0.033600 ms)

========================================================================
Received Prepare
Registering precompiled user dll's ...
Registered in 0.001435 seconds.
Begin MonoManager ReloadAssembly
Native extension for LinuxStandalone target not found
Native extension for WindowsStandalone target not found
Native extension for OSXStandalone target not found
Native extension for WebGL target not found
Refreshing native plugins compatible for Editor in 0.47 ms, found 0 plugins.
Preloading 0 native plugins for Editor in 0.00 ms.
Invoked RoslynAnalysisRunner static constructor.
RoslynAnalysisRunner will not be running.
RoslynAnalysisRunner has terminated.
Mono: successfully reloaded assembly
- Completed reload, in  1.853 seconds
Platform modules already initialized, skipping
Refreshing native plugins compatible for Editor in 0.41 ms, found 0 plugins.
Preloading 0 native plugins for Editor in 0.00 ms.
Unloading 1149 Unused Serialized files (Serialized files now loaded: 0)
System memory in use before: 133.9 MB.
System memory in use after: 134.0 MB.

Unloading 4 unused Assets to reduce memory usage. Loaded Objects now: 1663.
Total: 2.587000 ms (FindLiveObjects: 0.294700 ms CreateObjectMapping: 0.065300 ms MarkObjects: 2.191400 ms  DeleteObjects: 0.033100 ms)

========================================================================
Received Prepare
Registering precompiled user dll's ...
Registered in 0.002351 seconds.
Begin MonoManager ReloadAssembly
Native extension for LinuxStandalone target not found
Native extension for WindowsStandalone target not found
Native extension for OSXStandalone target not found
Native extension for WebGL target not found
Refreshing native plugins compatible for Editor in 0.43 ms, found 0 plugins.
Preloading 0 native plugins for Editor in 0.00 ms.
Invoked RoslynAnalysisRunner static constructor.
RoslynAnalysisRunner will not be running.
RoslynAnalysisRunner has terminated.
Mono: successfully reloaded assembly
- Completed reload, in  1.689 seconds
Platform modules already initialized, skipping
Refreshing native plugins compatible for Editor in 0.38 ms, found 0 plugins.
Preloading 0 native plugins for Editor in 0.00 ms.
Unloading 1149 Unused Serialized files (Serialized files now loaded: 0)
System memory in use before: 134.0 MB.
System memory in use after: 134.1 MB.

Unloading 4 unused Assets to reduce memory usage. Loaded Objects now: 1665.
Total: 3.691700 ms (FindLiveObjects: 0.477900 ms CreateObjectMapping: 0.163500 ms MarkObjects: 3.018200 ms  DeleteObjects: 0.030100 ms)

========================================================================
Received Prepare
Registering precompiled user dll's ...
Registered in 0.000851 seconds.
Begin MonoManager ReloadAssembly
Native extension for LinuxStandalone target not found
Native extension for WindowsStandalone target not found
Native extension for OSXStandalone target not found
Native extension for WebGL target not found
Refreshing native plugins compatible for Editor in 0.51 ms, found 0 plugins.
Preloading 0 native plugins for Editor in 0.00 ms.
Invoked RoslynAnalysisRunner static constructor.
RoslynAnalysisRunner will not be running.
RoslynAnalysisRunner has terminated.
Mono: successfully reloaded assembly
- Completed reload, in  1.773 seconds
Platform modules already initialized, skipping
Refreshing native plugins compatible for Editor in 0.42 ms, found 0 plugins.
Preloading 0 native plugins for Editor in 0.00 ms.
Unloading 1149 Unused Serialized files (Serialized files now loaded: 0)
System memory in use before: 134.1 MB.
System memory in use after: 134.2 MB.

Unloading 4 unused Assets to reduce memory usage. Loaded Objects now: 1667.
Total: 3.202800 ms (FindLiveObjects: 0.335700 ms CreateObjectMapping: 0.231800 ms MarkObjects: 2.597500 ms  DeleteObjects: 0.034100 ms)

========================================================================
Received Prepare
Registering precompiled user dll's ...
Registered in 0.001063 seconds.
Begin MonoManager ReloadAssembly
Native extension for LinuxStandalone target not found
Native extension for WindowsStandalone target not found
Native extension for OSXStandalone target not found
Native extension for WebGL target not found
Refreshing native plugins compatible for Editor in 0.45 ms, found 0 plugins.
Preloading 0 native plugins for Editor in 0.00 ms.
Invoked RoslynAnalysisRunner static constructor.
RoslynAnalysisRunner will not be running.
RoslynAnalysisRunner has terminated.
Mono: successfully reloaded assembly
- Completed reload, in  1.889 seconds
Platform modules already initialized, skipping
Refreshing native plugins compatible for Editor in 0.40 ms, found 0 plugins.
Preloading 0 native plugins for Editor in 0.00 ms.
Unloading 1149 Unused Serialized files (Serialized files now loaded: 0)
System memory in use before: 134.3 MB.
System memory in use after: 134.4 MB.

Unloading 4 unused Assets to reduce memory usage. Loaded Objects now: 1669.
Total: 3.147400 ms (FindLiveObjects: 0.405500 ms CreateObjectMapping: 0.159700 ms MarkObjects: 2.542300 ms  DeleteObjects: 0.036800 ms)

========================================================================
Received Import Request.
  Time since last request: 1282.571030 seconds.
  path: Assets/Universal Sound FX/8BIT/Various/8BIT_RETRO_Train_Steam_loop_mono.wav
  artifactKey: Guid(836bcb92624c2584a9997d052b670534) Importer(815301076,1909f56bfc062723c751e8b465ee728b)
Start importing Assets/Universal Sound FX/8BIT/Various/8BIT_RETRO_Train_Steam_loop_mono.wav using Guid(836bcb92624c2584a9997d052b670534) Importer(815301076,1909f56bfc062723c751e8b465ee728b)  -> (artifact id: '44c367374b1a744491b4658d11001b8e') in 0.160506 seconds
  Import took 0.164105 seconds .

========================================================================
Received Import Request.
  Time since last request: 0.856873 seconds.
  path: Assets/Universal Sound FX/8BIT/Various/8BIT_RETRO_Movement_Effect_Rapid_loop_mono.wav
  artifactKey: Guid(927ee7e52a3313d48ad4e5bcfb4fc18a) Importer(815301076,1909f56bfc062723c751e8b465ee728b)
Start importing Assets/Universal Sound FX/8BIT/Various/8BIT_RETRO_Movement_Effect_Rapid_loop_mono.wav using Guid(927ee7e52a3313d48ad4e5bcfb4fc18a) Importer(815301076,1909f56bfc062723c751e8b465ee728b)  -> (artifact id: '2465642fc73ff1267e42d2b895deca61') in 0.026076 seconds
  Import took 0.029336 seconds .

========================================================================
Received Import Request.
  Time since last request: 2.344365 seconds.
  path: Assets/Universal Sound FX/8BIT/Various/8BIT_RETRO_Movement_Effect_Rapid_Fade_loop_mono.wav
  artifactKey: Guid(95950638e1c79d14185b2816dc2b8c48) Importer(815301076,1909f56bfc062723c751e8b465ee728b)
Start importing Assets/Universal Sound FX/8BIT/Various/8BIT_RETRO_Movement_Effect_Rapid_Fade_loop_mono.wav using Guid(95950638e1c79d14185b2816dc2b8c48) Importer(815301076,1909f56bfc062723c751e8b465ee728b)  -> (artifact id: '8d0382be663ee84b37d6c5e354548924') in 0.021538 seconds
  Import took 0.026382 seconds .

========================================================================
Received Import Request.
  Time since last request: 1.390651 seconds.
  path: Assets/Universal Sound FX/8BIT/Various/8BIT_RETRO_Movement_Effect_Dirty_loop_mono.wav
  artifactKey: Guid(745c7b78bbe68f64482be4de1a0a22e4) Importer(815301076,1909f56bfc062723c751e8b465ee728b)
Start importing Assets/Universal Sound FX/8BIT/Various/8BIT_RETRO_Movement_Effect_Dirty_loop_mono.wav using Guid(745c7b78bbe68f64482be4de1a0a22e4) Importer(815301076,1909f56bfc062723c751e8b465ee728b)  -> (artifact id: 'be21b3db33bebd336ade8a6f0b8936e8') in 0.019578 seconds
  Import took 0.023392 seconds .

========================================================================
Received Import Request.
  Time since last request: 1.663378 seconds.
  path: Assets/Universal Sound FX/8BIT/Various/8BIT_RETRO_Movement_Effect_Deep_loop_mono.wav
  artifactKey: Guid(5ba104612b6480e48a55a70bb0e8d933) Importer(815301076,1909f56bfc062723c751e8b465ee728b)
Start importing Assets/Universal Sound FX/8BIT/Various/8BIT_RETRO_Movement_Effect_Deep_loop_mono.wav using Guid(5ba104612b6480e48a55a70bb0e8d933) Importer(815301076,1909f56bfc062723c751e8b465ee728b)  -> (artifact id: '3558bc6c90e0625c2d08b8ecf4670e0f') in 0.030718 seconds
  Import took 0.034217 seconds .

========================================================================
Received Import Request.
  Time since last request: 1.601717 seconds.
  path: Assets/Universal Sound FX/8BIT/Various/8BIT_RETRO_Movement_Effect_Bright_loop_mono.wav
  artifactKey: Guid(1fa3bc5eb41feeb4ea2c542735f8f047) Importer(815301076,1909f56bfc062723c751e8b465ee728b)
Start importing Assets/Universal Sound FX/8BIT/Various/8BIT_RETRO_Movement_Effect_Bright_loop_mono.wav using Guid(1fa3bc5eb41feeb4ea2c542735f8f047) Importer(815301076,1909f56bfc062723c751e8b465ee728b)  -> (artifact id: 'b6ff46a380b09927154b2b0b9febf650') in 0.023331 seconds
  Import took 0.027391 seconds .

========================================================================
Received Import Request.
  Time since last request: 5.357139 seconds.
  path: Assets/Universal Sound FX/8BIT/Explosions/8BIT_RETRO_Explosion_Long_Sweep_Down_mono.wav
  artifactKey: Guid(e3ceebbdef36a12409d528250a736c5f) Importer(815301076,1909f56bfc062723c751e8b465ee728b)
Start importing Assets/Universal Sound FX/8BIT/Explosions/8BIT_RETRO_Explosion_Long_Sweep_Down_mono.wav using Guid(e3ceebbdef36a12409d528250a736c5f) Importer(815301076,1909f56bfc062723c751e8b465ee728b)  -> (artifact id: '6f6021519b659537df3492acea0fd78e') in 0.041904 seconds
  Import took 0.046077 seconds .

========================================================================
Received Import Request.
  Time since last request: 0.418152 seconds.
  path: Assets/Universal Sound FX/8BIT/Explosions/8BIT_RETRO_Explosion_Short_Bright_mono.wav
  artifactKey: Guid(01f7ba58cf5258647813c9d953000be9) Importer(815301076,1909f56bfc062723c751e8b465ee728b)
Start importing Assets/Universal Sound FX/8BIT/Explosions/8BIT_RETRO_Explosion_Short_Bright_mono.wav using Guid(01f7ba58cf5258647813c9d953000be9) Importer(815301076,1909f56bfc062723c751e8b465ee728b)  -> (artifact id: 'aa1511bf8362b4bf1af09b3935ae54c9') in 0.027637 seconds
  Import took 0.031641 seconds .

========================================================================
Received Import Request.
  Time since last request: 1.346344 seconds.
  path: Assets/Universal Sound FX/8BIT/Explosions/8BIT_RETRO_Explosion_Woosh_Down_mono.wav
  artifactKey: Guid(0d5346dd034be35458f28cc0711188b6) Importer(815301076,1909f56bfc062723c751e8b465ee728b)
Start importing Assets/Universal Sound FX/8BIT/Explosions/8BIT_RETRO_Explosion_Woosh_Down_mono.wav using Guid(0d5346dd034be35458f28cc0711188b6) Importer(815301076,1909f56bfc062723c751e8b465ee728b)  -> (artifact id: 'd6927f1a025030e5a716e91f8e55e2da') in 0.019456 seconds
  Import took 0.022948 seconds .

========================================================================
Received Import Request.
  Time since last request: 2.208888 seconds.
  path: Assets/Universal Sound FX/8BIT/Explosions/8BIT_RETRO_Explosion_Zap_Destroy_mono.wav
  artifactKey: Guid(ee5c717f6d49c974a8d95b0f9e231393) Importer(815301076,1909f56bfc062723c751e8b465ee728b)
Start importing Assets/Universal Sound FX/8BIT/Explosions/8BIT_RETRO_Explosion_Zap_Destroy_mono.wav using Guid(ee5c717f6d49c974a8d95b0f9e231393) Importer(815301076,1909f56bfc062723c751e8b465ee728b)  -> (artifact id: '33dd7b1bacc9ef042cb8ee8597c6dbcb') in 0.015629 seconds
  Import took 0.018893 seconds .

========================================================================
Received Import Request.
  Time since last request: 0.001685 seconds.
  path: Assets/Universal Sound FX/8BIT/Explosions/8BIT_RETRO_Explosion_Zap_Destroy_mono.wav
  artifactKey: Guid(ee5c717f6d49c974a8d95b0f9e231393) Importer(815301076,1909f56bfc062723c751e8b465ee728b)
Start importing Assets/Universal Sound FX/8BIT/Explosions/8BIT_RETRO_Explosion_Zap_Destroy_mono.wav using Guid(ee5c717f6d49c974a8d95b0f9e231393) Importer(815301076,1909f56bfc062723c751e8b465ee728b)  -> (artifact id: '33dd7b1bacc9ef042cb8ee8597c6dbcb') in 0.044700 seconds
  Import took 0.051282 seconds .

========================================================================
Received Import Request.
  Time since last request: 2.832121 seconds.
  path: Assets/Universal Sound FX/8BIT/Explosions/8BIT_RETRO_Explosion_Short_Distorted_Drop_mono.wav
  artifactKey: Guid(24eeb2834c7059b4c83faa3a5440e2ea) Importer(815301076,1909f56bfc062723c751e8b465ee728b)
Start importing Assets/Universal Sound FX/8BIT/Explosions/8BIT_RETRO_Explosion_Short_Distorted_Drop_mono.wav using Guid(24eeb2834c7059b4c83faa3a5440e2ea) Importer(815301076,1909f56bfc062723c751e8b465ee728b)  -> (artifact id: '426a657504f9ef09f0828d292dc18897') in 0.052272 seconds
  Import took 0.059686 seconds .

========================================================================
Received Import Request.
  Time since last request: 2.181618 seconds.
  path: Assets/Universal Sound FX/8BIT/Explosions/8BIT_RETRO_Explosion_Short_Distorted_3_mono.wav
  artifactKey: Guid(b12ae9d5df32dc14a93eed51629faa40) Importer(815301076,1909f56bfc062723c751e8b465ee728b)
Start importing Assets/Universal Sound FX/8BIT/Explosions/8BIT_RETRO_Explosion_Short_Distorted_3_mono.wav using Guid(b12ae9d5df32dc14a93eed51629faa40) Importer(815301076,1909f56bfc062723c751e8b465ee728b)  -> (artifact id: '884798966c26b55972ef6eee10aac7a1') in 0.044188 seconds
  Import took 0.057216 seconds .

========================================================================
Received Import Request.
  Time since last request: 1.558288 seconds.
  path: Assets/Universal Sound FX/8BIT/Explosions/8BIT_RETRO_Explosion_Short_Distorted_2_mono.wav
  artifactKey: Guid(8a173917a78e1c946b959e0d1425bcca) Importer(815301076,1909f56bfc062723c751e8b465ee728b)
Start importing Assets/Universal Sound FX/8BIT/Explosions/8BIT_RETRO_Explosion_Short_Distorted_2_mono.wav using Guid(8a173917a78e1c946b959e0d1425bcca) Importer(815301076,1909f56bfc062723c751e8b465ee728b)  -> (artifact id: '8778a8d0056d5830d7800ad9fe2d02d7') in 0.021389 seconds
  Import took 0.025350 seconds .

========================================================================
Received Import Request.
  Time since last request: 1.684619 seconds.
  path: Assets/Universal Sound FX/8BIT/Explosions/8BIT_RETRO_Explosion_Short_Distorted_1_mono.wav
  artifactKey: Guid(bdaff2db10b06304ea2d77660028e86f) Importer(815301076,1909f56bfc062723c751e8b465ee728b)
Start importing Assets/Universal Sound FX/8BIT/Explosions/8BIT_RETRO_Explosion_Short_Distorted_1_mono.wav using Guid(bdaff2db10b06304ea2d77660028e86f) Importer(815301076,1909f56bfc062723c751e8b465ee728b)  -> (artifact id: 'e8aeef24a80da1357ab870090803bf4c') in 0.020271 seconds
  Import took 0.026249 seconds .

========================================================================
Received Import Request.
  Time since last request: 1.572749 seconds.
  path: Assets/Universal Sound FX/8BIT/Explosions/8BIT_RETRO_Explosion_Short_Distant_mono.wav
  artifactKey: Guid(5bdcc10df1997ae4db950bba19aa06f6) Importer(815301076,1909f56bfc062723c751e8b465ee728b)
Start importing Assets/Universal Sound FX/8BIT/Explosions/8BIT_RETRO_Explosion_Short_Distant_mono.wav using Guid(5bdcc10df1997ae4db950bba19aa06f6) Importer(815301076,1909f56bfc062723c751e8b465ee728b)  -> (artifact id: '6ea5637f67cb8a2e2150b94944f00bd4') in 0.020639 seconds
  Import took 0.026128 seconds .

========================================================================
Received Import Request.
  Time since last request: 1.666663 seconds.
  path: Assets/Universal Sound FX/8BIT/Explosions/8BIT_RETRO_Explosion_Short_Deep_mono.wav
  artifactKey: Guid(e799d619376651c4e9287eb9775fa1f4) Importer(815301076,1909f56bfc062723c751e8b465ee728b)
Start importing Assets/Universal Sound FX/8BIT/Explosions/8BIT_RETRO_Explosion_Short_Deep_mono.wav using Guid(e799d619376651c4e9287eb9775fa1f4) Importer(815301076,1909f56bfc062723c751e8b465ee728b)  -> (artifact id: '36f1d3b22ed4c57460730746c55a885d') in 0.017277 seconds
  Import took 0.020371 seconds .

========================================================================
Received Import Request.
  Time since last request: 0.001263 seconds.
  path: Assets/Universal Sound FX/8BIT/Explosions/8BIT_RETRO_Explosion_Short_Deep_mono.wav
  artifactKey: Guid(e799d619376651c4e9287eb9775fa1f4) Importer(815301076,1909f56bfc062723c751e8b465ee728b)
Start importing Assets/Universal Sound FX/8BIT/Explosions/8BIT_RETRO_Explosion_Short_Deep_mono.wav using Guid(e799d619376651c4e9287eb9775fa1f4) Importer(815301076,1909f56bfc062723c751e8b465ee728b)  -> (artifact id: '36f1d3b22ed4c57460730746c55a885d') in 0.027750 seconds
  Import took 0.032385 seconds .

========================================================================
Received Import Request.
  Time since last request: 15.008398 seconds.
  path: Assets/Universal Sound FX/8BIT/Explosions/8BIT_RETRO_Explosion_Short_Foof_mono.wav
  artifactKey: Guid(049a409a5c413494a8eef832ff4b3685) Importer(815301076,1909f56bfc062723c751e8b465ee728b)
Start importing Assets/Universal Sound FX/8BIT/Explosions/8BIT_RETRO_Explosion_Short_Foof_mono.wav using Guid(049a409a5c413494a8eef832ff4b3685) Importer(815301076,1909f56bfc062723c751e8b465ee728b)  -> (artifact id: 'd58cb525fe22091e80f6b512ddc5df80') in 0.052437 seconds
  Import took 0.057331 seconds .

========================================================================
Received Import Request.
  Time since last request: 52.003246 seconds.
  path: Assets/Audio
  artifactKey: Guid(9a43277fb9a18724dac9847f76af4a6e) Importer(815301076,1909f56bfc062723c751e8b465ee728b)
Start importing Assets/Audio using Guid(9a43277fb9a18724dac9847f76af4a6e) Importer(815301076,1909f56bfc062723c751e8b465ee728b)  -> (artifact id: '6f36785f9c450dfe1e999b681efb26fb') in 0.007514 seconds
  Import took 0.011155 seconds .

========================================================================
Received Import Request.
  Time since last request: 0.008273 seconds.
  path: Assets/Audio
  artifactKey: Guid(9a43277fb9a18724dac9847f76af4a6e) Importer(815301076,1909f56bfc062723c751e8b465ee728b)
Start importing Assets/Audio using Guid(9a43277fb9a18724dac9847f76af4a6e) Importer(815301076,1909f56bfc062723c751e8b465ee728b)  -> (artifact id: '6f36785f9c450dfe1e999b681efb26fb') in 0.007085 seconds
  Import took 0.011347 seconds .

========================================================================
Received Import Request.
  Time since last request: 11.165276 seconds.
  path: Assets/Audio/Universal Sound FX/8BIT/Weapons
  artifactKey: Guid(a9582dafa22dc5a4c9269da322885e49) Importer(815301076,1909f56bfc062723c751e8b465ee728b)
Start importing Assets/Audio/Universal Sound FX/8BIT/Weapons using Guid(a9582dafa22dc5a4c9269da322885e49) Importer(815301076,1909f56bfc062723c751e8b465ee728b)  -> (artifact id: 'd653d3c55c2087be2e6415bdafd6565f') in 0.009823 seconds
  Import took 0.016112 seconds .

========================================================================
Received Import Request.
  Time since last request: 6.922150 seconds.
  path: Assets/Audio/Universal Sound FX/8BIT/Various
  artifactKey: Guid(cf8b0e58fb4fd5541a379c53314604dc) Importer(815301076,1909f56bfc062723c751e8b465ee728b)
Start importing Assets/Audio/Universal Sound FX/8BIT/Various using Guid(cf8b0e58fb4fd5541a379c53314604dc) Importer(815301076,1909f56bfc062723c751e8b465ee728b)  -> (artifact id: 'c9d9efdef467b9581e37d72166552b3e') in 0.014543 seconds
  Import took 0.021387 seconds .

========================================================================
Received Import Request.
  Time since last request: 2.999757 seconds.
  path: Assets/Audio/Universal Sound FX/8BIT/Powerups
  artifactKey: Guid(2c880d98692ec0c4b81bc3f5108c4bae) Importer(815301076,1909f56bfc062723c751e8b465ee728b)
Start importing Assets/Audio/Universal Sound FX/8BIT/Powerups using Guid(2c880d98692ec0c4b81bc3f5108c4bae) Importer(815301076,1909f56bfc062723c751e8b465ee728b)  -> (artifact id: '771f33db9b1d7474f11e933aa46a8a63') in 0.011575 seconds
  Import took 0.015251 seconds .

========================================================================
Received Import Request.
  Time since last request: 19.234901 seconds.
  path: Assets/Audio/Universal Sound FX/8BIT/Powerups/Power_up_Audio.wav
  artifactKey: Guid(ffa96af717384704c9c5a003564d4228) Importer(815301076,1909f56bfc062723c751e8b465ee728b)
Start importing Assets/Audio/Universal Sound FX/8BIT/Powerups/Power_up_Audio.wav using Guid(ffa96af717384704c9c5a003564d4228) Importer(815301076,1909f56bfc062723c751e8b465ee728b)  -> (artifact id: '847724c075451830a93f96dc26318e4f') in 0.031137 seconds
  Import took 0.036126 seconds .

========================================================================
Received Import Request.
  Time since last request: 0.008383 seconds.
  path: Assets/Audio/Universal Sound FX/8BIT/Powerups/Power_up_Audio.wav
  artifactKey: Guid(ffa96af717384704c9c5a003564d4228) Importer(815301076,1909f56bfc062723c751e8b465ee728b)
Start importing Assets/Audio/Universal Sound FX/8BIT/Powerups/Power_up_Audio.wav using Guid(ffa96af717384704c9c5a003564d4228) Importer(815301076,1909f56bfc062723c751e8b465ee728b)  -> (artifact id: '847724c075451830a93f96dc26318e4f') in 0.019730 seconds
  Import took 0.023474 seconds .

========================================================================
Received Import Request.
  Time since last request: 1.314042 seconds.
  path: Assets/Audio/Universal Sound FX/8BIT/Powerups/8BIT_RETRO_Powerup_Spawn_Swoosh_mono.wav
  artifactKey: Guid(facdef26ff121d54a86035b0c16da5a2) Importer(815301076,1909f56bfc062723c751e8b465ee728b)
Start importing Assets/Audio/Universal Sound FX/8BIT/Powerups/8BIT_RETRO_Powerup_Spawn_Swoosh_mono.wav using Guid(facdef26ff121d54a86035b0c16da5a2) Importer(815301076,1909f56bfc062723c751e8b465ee728b)  -> (artifact id: '4478d4439e1c422511f351e46d505fde') in 0.034059 seconds
  Import took 0.038556 seconds .

========================================================================
Received Import Request.
  Time since last request: 20.603228 seconds.
  path: Assets/Audio/Universal Sound FX/8BIT/Hits_Bumps/Bumper.wav
  artifactKey: Guid(eb154e6a68fec964fba3162e1fd8b7ac) Importer(815301076,1909f56bfc062723c751e8b465ee728b)
Start importing Assets/Audio/Universal Sound FX/8BIT/Hits_Bumps/Bumper.wav using Guid(eb154e6a68fec964fba3162e1fd8b7ac) Importer(815301076,1909f56bfc062723c751e8b465ee728b)  -> (artifact id: '77ffbc3495daa60e436005b32156f642') in 0.020137 seconds
  Import took 0.023586 seconds .

========================================================================
Received Import Request.
  Time since last request: 0.014752 seconds.
  path: Assets/Audio/Universal Sound FX/8BIT/Hits_Bumps/Bumper.wav
  artifactKey: Guid(eb154e6a68fec964fba3162e1fd8b7ac) Importer(815301076,1909f56bfc062723c751e8b465ee728b)
Start importing Assets/Audio/Universal Sound FX/8BIT/Hits_Bumps/Bumper.wav using Guid(eb154e6a68fec964fba3162e1fd8b7ac) Importer(815301076,1909f56bfc062723c751e8b465ee728b)  -> (artifact id: '77ffbc3495daa60e436005b32156f642') in 0.030652 seconds
  Import took 0.034568 seconds .

========================================================================
Received Import Request.
  Time since last request: 41.500033 seconds.
  path: Assets/Audio/Universal Sound FX/8BIT/Explosions/Game_Over_dead.wav
  artifactKey: Guid(b12ae9d5df32dc14a93eed51629faa40) Importer(815301076,1909f56bfc062723c751e8b465ee728b)
Start importing Assets/Audio/Universal Sound FX/8BIT/Explosions/Game_Over_dead.wav using Guid(b12ae9d5df32dc14a93eed51629faa40) Importer(815301076,1909f56bfc062723c751e8b465ee728b)  -> (artifact id: '9497fa7f17ff4b57c137272a2f17dd68') in 0.016650 seconds
  Import took 0.021716 seconds .

========================================================================
Received Import Request.
  Time since last request: 0.012131 seconds.
  path: Assets/Audio/Universal Sound FX/8BIT/Explosions/Game_Over_dead.wav
  artifactKey: Guid(b12ae9d5df32dc14a93eed51629faa40) Importer(815301076,1909f56bfc062723c751e8b465ee728b)
Start importing Assets/Audio/Universal Sound FX/8BIT/Explosions/Game_Over_dead.wav using Guid(b12ae9d5df32dc14a93eed51629faa40) Importer(815301076,1909f56bfc062723c751e8b465ee728b)  -> (artifact id: '9497fa7f17ff4b57c137272a2f17dd68') in 0.025819 seconds
  Import took 0.029311 seconds .

========================================================================
Received Import Request.
  Time since last request: 29.848020 seconds.
  path: Assets/Audio/Universal Sound FX/8BIT/Coin_Collect
  artifactKey: Guid(d917d4134d0943c419fb0582369ff795) Importer(815301076,1909f56bfc062723c751e8b465ee728b)
Start importing Assets/Audio/Universal Sound FX/8BIT/Coin_Collect using Guid(d917d4134d0943c419fb0582369ff795) Importer(815301076,1909f56bfc062723c751e8b465ee728b)  -> (artifact id: 'd6a942b43f730ce53e2b9a51f493a13a') in 0.016788 seconds
  Import took 0.021052 seconds .

========================================================================
Received Import Request.
  Time since last request: 3.319104 seconds.
  path: Assets/Audio/Universal Sound FX/8BIT/Beeps
  artifactKey: Guid(8f5a5519e5659d04c9c54851974da64a) Importer(815301076,1909f56bfc062723c751e8b465ee728b)
Start importing Assets/Audio/Universal Sound FX/8BIT/Beeps using Guid(8f5a5519e5659d04c9c54851974da64a) Importer(815301076,1909f56bfc062723c751e8b465ee728b)  -> (artifact id: '008bf60fd8ac6651efb02cf5b1ddb01c') in 0.008784 seconds
  Import took 0.017048 seconds .

========================================================================
Received Prepare
Registering precompiled user dll's ...
Registered in 0.001698 seconds.
Begin MonoManager ReloadAssembly
Native extension for LinuxStandalone target not found
Native extension for WindowsStandalone target not found
Native extension for OSXStandalone target not found
Native extension for WebGL target not found
Refreshing native plugins compatible for Editor in 0.51 ms, found 0 plugins.
Preloading 0 native plugins for Editor in 0.00 ms.
Invoked RoslynAnalysisRunner static constructor.
RoslynAnalysisRunner will not be running.
RoslynAnalysisRunner has terminated.
Mono: successfully reloaded assembly
- Completed reload, in  1.707 seconds
Platform modules already initialized, skipping
Refreshing native plugins compatible for Editor in 0.37 ms, found 0 plugins.
Preloading 0 native plugins for Editor in 0.00 ms.
Unloading 1149 Unused Serialized files (Serialized files now loaded: 0)
System memory in use before: 134.4 MB.
System memory in use after: 134.5 MB.

Unloading 4 unused Assets to reduce memory usage. Loaded Objects now: 1672.
Total: 2.775300 ms (FindLiveObjects: 0.537400 ms CreateObjectMapping: 0.142100 ms MarkObjects: 2.066200 ms  DeleteObjects: 0.027500 ms)

========================================================================
Received Import Request.
  Time since last request: 103.825254 seconds.
  path: Assets/Restart.anim
  artifactKey: Guid(2bce28c103e058f4da6bea4be4820f1e) Importer(815301076,1909f56bfc062723c751e8b465ee728b)
Start importing Assets/Restart.anim using Guid(2bce28c103e058f4da6bea4be4820f1e) Importer(815301076,1909f56bfc062723c751e8b465ee728b)  -> (artifact id: '5e25ba65a79436673a0b7f120a502752') in 0.056776 seconds
  Import took 0.073797 seconds .

========================================================================
Received Import Request.
  Time since last request: 8.053372 seconds.
  path: Assets/ScoreValue (1).controller
  artifactKey: Guid(858829c255fed684394713ade0d1c01d) Importer(815301076,1909f56bfc062723c751e8b465ee728b)
Start importing Assets/ScoreValue (1).controller using Guid(858829c255fed684394713ade0d1c01d) Importer(815301076,1909f56bfc062723c751e8b465ee728b)  -> (artifact id: 'abbc5f031bf212b502a2e4e29eae9e78') in 0.042712 seconds
  Import took 0.049545 seconds .

========================================================================
Received Import Request.
  Time since last request: 4.247849 seconds.
  path: Assets/Circle.png
  artifactKey: Guid(e824ae0e4ee3d264e85ecded3957f900) Importer(815301076,1909f56bfc062723c751e8b465ee728b)
Start importing Assets/Circle.png using Guid(e824ae0e4ee3d264e85ecded3957f900) Importer(815301076,1909f56bfc062723c751e8b465ee728b)  -> (artifact id: '54af8339cc968d37ac9cb2b4f267dc8d') in 0.166112 seconds
  Import took 0.169639 seconds .

========================================================================
Received Import Request.
  Time since last request: 8.689089 seconds.
  path: Assets/PlaceHolders
  artifactKey: Guid(7d29dea627c664045ab632688244d6f5) Importer(815301076,1909f56bfc062723c751e8b465ee728b)
Start importing Assets/PlaceHolders using Guid(7d29dea627c664045ab632688244d6f5) Importer(815301076,1909f56bfc062723c751e8b465ee728b)  -> (artifact id: '311ad3b1bca2d00e9e718a1be021ca08') in 0.018775 seconds
  Import took 0.025906 seconds .

AssetImportWorkerClient::OnTransportError - code=2 error=End of file
